Warning: you requested the nanomsg event logger, but bmv2 was compiled without -DBMELOG, and the event logger cannot be activated
Calling target program-options parser
[17:56:46.160] [bmv2] [D] [thread 11817] Set default default entry for table 'MyIngress.mat': NoAction - 
Adding interface s1-eth1 as port 1
[17:56:46.161] [bmv2] [D] [thread 11817] Adding interface s1-eth1 as port 1
Adding interface s1-eth2 as port 2
[17:56:46.204] [bmv2] [D] [thread 11817] Adding interface s1-eth2 as port 2
[17:56:46.232] [bmv2] [I] [thread 11817] Starting Thrift server on port 9090
[17:56:46.233] [bmv2] [I] [thread 11817] Thrift server was started
[17:56:46.775] [bmv2] [D] [thread 11823] [0.0] [cxt 0] Processing packet received on port 2
[17:56:46.775] [bmv2] [D] [thread 11823] [0.0] [cxt 0] Parser 'parser': start
[17:56:46.775] [bmv2] [D] [thread 11823] [0.0] [cxt 0] Parser 'parser' entering state 'start'
[17:56:46.775] [bmv2] [D] [thread 11823] [0.0] [cxt 0] Parser state 'start' has no switch, going to default next state
[17:56:46.775] [bmv2] [T] [thread 11823] [0.0] [cxt 0] Bytes parsed: 0
[17:56:46.775] [bmv2] [D] [thread 11823] [0.0] [cxt 0] Parser 'parser': end
[17:56:46.776] [bmv2] [D] [thread 11823] [0.0] [cxt 0] Pipeline 'ingress': start
[17:56:46.776] [bmv2] [T] [thread 11823] [0.0] [cxt 0] Applying table 'MyIngress.mat'
[17:56:46.776] [bmv2] [D] [thread 11823] [0.0] [cxt 0] Looking up key:
* standard_metadata.ingress_port: 0002

[17:56:46.776] [bmv2] [D] [thread 11823] [0.0] [cxt 0] Table 'MyIngress.mat': miss
[17:56:46.776] [bmv2] [D] [thread 11823] [0.0] [cxt 0] Action entry is NoAction - 
[17:56:46.776] [bmv2] [T] [thread 11823] [0.0] [cxt 0] Action NoAction
[17:56:46.776] [bmv2] [D] [thread 11823] [0.0] [cxt 0] Pipeline 'ingress': end
[17:56:46.777] [bmv2] [D] [thread 11823] [0.0] [cxt 0] Egress port is 0
[17:56:46.777] [bmv2] [D] [thread 11824] [0.0] [cxt 0] Pipeline 'egress': start
[17:56:46.777] [bmv2] [D] [thread 11824] [0.0] [cxt 0] Pipeline 'egress': end
[17:56:46.777] [bmv2] [D] [thread 11824] [0.0] [cxt 0] Deparser 'deparser': start
[17:56:46.777] [bmv2] [D] [thread 11824] [0.0] [cxt 0] Deparser 'deparser': end
[17:56:46.778] [bmv2] [D] [thread 11828] [0.0] [cxt 0] Transmitting packet of size 90 out of port 0
[17:56:46.800] [bmv2] [D] [thread 11823] [1.0] [cxt 0] Processing packet received on port 1
[17:56:46.800] [bmv2] [D] [thread 11823] [1.0] [cxt 0] Parser 'parser': start
[17:56:46.800] [bmv2] [D] [thread 11823] [1.0] [cxt 0] Parser 'parser' entering state 'start'
[17:56:46.800] [bmv2] [D] [thread 11823] [1.0] [cxt 0] Parser state 'start' has no switch, going to default next state
[17:56:46.800] [bmv2] [T] [thread 11823] [1.0] [cxt 0] Bytes parsed: 0
[17:56:46.800] [bmv2] [D] [thread 11823] [1.0] [cxt 0] Parser 'parser': end
[17:56:46.801] [bmv2] [D] [thread 11823] [1.0] [cxt 0] Pipeline 'ingress': start
[17:56:46.801] [bmv2] [T] [thread 11823] [1.0] [cxt 0] Applying table 'MyIngress.mat'
[17:56:46.801] [bmv2] [D] [thread 11823] [1.0] [cxt 0] Looking up key:
* standard_metadata.ingress_port: 0001

[17:56:46.801] [bmv2] [D] [thread 11823] [1.0] [cxt 0] Table 'MyIngress.mat': miss
[17:56:46.801] [bmv2] [D] [thread 11823] [1.0] [cxt 0] Action entry is NoAction - 
[17:56:46.801] [bmv2] [T] [thread 11823] [1.0] [cxt 0] Action NoAction
[17:56:46.801] [bmv2] [D] [thread 11823] [1.0] [cxt 0] Pipeline 'ingress': end
[17:56:46.801] [bmv2] [D] [thread 11823] [1.0] [cxt 0] Egress port is 0
[17:56:46.801] [bmv2] [D] [thread 11824] [1.0] [cxt 0] Pipeline 'egress': start
[17:56:46.801] [bmv2] [D] [thread 11824] [1.0] [cxt 0] Pipeline 'egress': end
[17:56:46.801] [bmv2] [D] [thread 11824] [1.0] [cxt 0] Deparser 'deparser': start
[17:56:46.801] [bmv2] [D] [thread 11824] [1.0] [cxt 0] Deparser 'deparser': end
[17:56:46.802] [bmv2] [D] [thread 11828] [1.0] [cxt 0] Transmitting packet of size 78 out of port 0
[17:56:46.949] [bmv2] [D] [thread 11823] [2.0] [cxt 0] Processing packet received on port 2
[17:56:46.949] [bmv2] [D] [thread 11823] [2.0] [cxt 0] Parser 'parser': start
[17:56:46.949] [bmv2] [D] [thread 11823] [2.0] [cxt 0] Parser 'parser' entering state 'start'
[17:56:46.949] [bmv2] [D] [thread 11823] [2.0] [cxt 0] Parser state 'start' has no switch, going to default next state
[17:56:46.949] [bmv2] [T] [thread 11823] [2.0] [cxt 0] Bytes parsed: 0
[17:56:46.949] [bmv2] [D] [thread 11823] [2.0] [cxt 0] Parser 'parser': end
[17:56:46.949] [bmv2] [D] [thread 11823] [2.0] [cxt 0] Pipeline 'ingress': start
[17:56:46.949] [bmv2] [T] [thread 11823] [2.0] [cxt 0] Applying table 'MyIngress.mat'
[17:56:46.949] [bmv2] [D] [thread 11823] [2.0] [cxt 0] Looking up key:
* standard_metadata.ingress_port: 0002

[17:56:46.950] [bmv2] [D] [thread 11823] [2.0] [cxt 0] Table 'MyIngress.mat': miss
[17:56:46.950] [bmv2] [D] [thread 11823] [2.0] [cxt 0] Action entry is NoAction - 
[17:56:46.950] [bmv2] [T] [thread 11823] [2.0] [cxt 0] Action NoAction
[17:56:46.950] [bmv2] [D] [thread 11823] [2.0] [cxt 0] Pipeline 'ingress': end
[17:56:46.950] [bmv2] [D] [thread 11823] [2.0] [cxt 0] Egress port is 0
[17:56:46.950] [bmv2] [D] [thread 11824] [2.0] [cxt 0] Pipeline 'egress': start
[17:56:46.950] [bmv2] [D] [thread 11824] [2.0] [cxt 0] Pipeline 'egress': end
[17:56:46.950] [bmv2] [D] [thread 11824] [2.0] [cxt 0] Deparser 'deparser': start
[17:56:46.950] [bmv2] [D] [thread 11824] [2.0] [cxt 0] Deparser 'deparser': end
[17:56:46.950] [bmv2] [D] [thread 11828] [2.0] [cxt 0] Transmitting packet of size 78 out of port 0
[17:56:47.089] [bmv2] [D] [thread 11823] [3.0] [cxt 0] Processing packet received on port 1
[17:56:47.089] [bmv2] [D] [thread 11823] [3.0] [cxt 0] Parser 'parser': start
[17:56:47.089] [bmv2] [D] [thread 11823] [3.0] [cxt 0] Parser 'parser' entering state 'start'
[17:56:47.089] [bmv2] [D] [thread 11823] [3.0] [cxt 0] Parser state 'start' has no switch, going to default next state
[17:56:47.089] [bmv2] [T] [thread 11823] [3.0] [cxt 0] Bytes parsed: 0
[17:56:47.089] [bmv2] [D] [thread 11823] [3.0] [cxt 0] Parser 'parser': end
[17:56:47.089] [bmv2] [D] [thread 11823] [3.0] [cxt 0] Pipeline 'ingress': start
[17:56:47.089] [bmv2] [T] [thread 11823] [3.0] [cxt 0] Applying table 'MyIngress.mat'
[17:56:47.089] [bmv2] [D] [thread 11823] [3.0] [cxt 0] Looking up key:
* standard_metadata.ingress_port: 0001

[17:56:47.089] [bmv2] [D] [thread 11823] [3.0] [cxt 0] Table 'MyIngress.mat': miss
[17:56:47.089] [bmv2] [D] [thread 11823] [3.0] [cxt 0] Action entry is NoAction - 
[17:56:47.089] [bmv2] [T] [thread 11823] [3.0] [cxt 0] Action NoAction
[17:56:47.089] [bmv2] [D] [thread 11823] [3.0] [cxt 0] Pipeline 'ingress': end
[17:56:47.089] [bmv2] [D] [thread 11823] [3.0] [cxt 0] Egress port is 0
[17:56:47.089] [bmv2] [D] [thread 11824] [3.0] [cxt 0] Pipeline 'egress': start
[17:56:47.089] [bmv2] [D] [thread 11824] [3.0] [cxt 0] Pipeline 'egress': end
[17:56:47.089] [bmv2] [D] [thread 11824] [3.0] [cxt 0] Deparser 'deparser': start
[17:56:47.089] [bmv2] [D] [thread 11824] [3.0] [cxt 0] Deparser 'deparser': end
[17:56:47.089] [bmv2] [D] [thread 11828] [3.0] [cxt 0] Transmitting packet of size 90 out of port 0
[17:56:48.333] [bmv2] [T] [thread 11852] bm_get_config
[17:56:48.335] [bmv2] [T] [thread 11852] bm_table_add_entry
[17:56:48.335] [bmv2] [D] [thread 11852] Entry 0 added to table 'MyIngress.mat'
[17:56:48.335] [bmv2] [D] [thread 11852] Dumping entry 0
Match key:
* standard_metadata.ingress_port: EXACT     0001
Action entry: MyIngress.modify_egress_spec - 2,

[17:56:48.335] [bmv2] [T] [thread 11852] bm_table_add_entry
[17:56:48.335] [bmv2] [D] [thread 11852] Entry 1 added to table 'MyIngress.mat'
[17:56:48.335] [bmv2] [D] [thread 11852] Dumping entry 1
Match key:
* standard_metadata.ingress_port: EXACT     0002
Action entry: MyIngress.modify_egress_spec - 1,

[17:56:53.043] [bmv2] [D] [thread 11823] [4.0] [cxt 0] Processing packet received on port 1
[17:56:53.043] [bmv2] [D] [thread 11823] [4.0] [cxt 0] Parser 'parser': start
[17:56:53.043] [bmv2] [D] [thread 11823] [4.0] [cxt 0] Parser 'parser' entering state 'start'
[17:56:53.043] [bmv2] [D] [thread 11823] [4.0] [cxt 0] Parser state 'start' has no switch, going to default next state
[17:56:53.043] [bmv2] [T] [thread 11823] [4.0] [cxt 0] Bytes parsed: 0
[17:56:53.043] [bmv2] [D] [thread 11823] [4.0] [cxt 0] Parser 'parser': end
[17:56:53.043] [bmv2] [D] [thread 11823] [4.0] [cxt 0] Pipeline 'ingress': start
[17:56:53.043] [bmv2] [T] [thread 11823] [4.0] [cxt 0] Applying table 'MyIngress.mat'
[17:56:53.043] [bmv2] [D] [thread 11823] [4.0] [cxt 0] Looking up key:
* standard_metadata.ingress_port: 0001

[17:56:53.043] [bmv2] [D] [thread 11823] [4.0] [cxt 0] Table 'MyIngress.mat': hit with handle 0
[17:56:53.043] [bmv2] [D] [thread 11823] [4.0] [cxt 0] Dumping entry 0
Match key:
* standard_metadata.ingress_port: EXACT     0001
Action entry: MyIngress.modify_egress_spec - 2,

[17:56:53.043] [bmv2] [D] [thread 11823] [4.0] [cxt 0] Action entry is MyIngress.modify_egress_spec - 2,
[17:56:53.043] [bmv2] [T] [thread 11823] [4.0] [cxt 0] Action MyIngress.modify_egress_spec
[17:56:53.043] [bmv2] [T] [thread 11823] [4.0] [cxt 0] repeater.p4(48) Primitive standard_metadata.egress_spec = port
[17:56:53.043] [bmv2] [D] [thread 11823] [4.0] [cxt 0] Pipeline 'ingress': end
[17:56:53.043] [bmv2] [D] [thread 11823] [4.0] [cxt 0] Egress port is 2
[17:56:53.043] [bmv2] [D] [thread 11826] [4.0] [cxt 0] Pipeline 'egress': start
[17:56:53.043] [bmv2] [D] [thread 11826] [4.0] [cxt 0] Pipeline 'egress': end
[17:56:53.043] [bmv2] [D] [thread 11826] [4.0] [cxt 0] Deparser 'deparser': start
[17:56:53.043] [bmv2] [D] [thread 11826] [4.0] [cxt 0] Deparser 'deparser': end
[17:56:53.044] [bmv2] [D] [thread 11828] [4.0] [cxt 0] Transmitting packet of size 98 out of port 2
[17:56:53.044] [bmv2] [D] [thread 11823] [5.0] [cxt 0] Processing packet received on port 2
[17:56:53.044] [bmv2] [D] [thread 11823] [5.0] [cxt 0] Parser 'parser': start
[17:56:53.044] [bmv2] [D] [thread 11823] [5.0] [cxt 0] Parser 'parser' entering state 'start'
[17:56:53.044] [bmv2] [D] [thread 11823] [5.0] [cxt 0] Parser state 'start' has no switch, going to default next state
[17:56:53.044] [bmv2] [T] [thread 11823] [5.0] [cxt 0] Bytes parsed: 0
[17:56:53.044] [bmv2] [D] [thread 11823] [5.0] [cxt 0] Parser 'parser': end
[17:56:53.044] [bmv2] [D] [thread 11823] [5.0] [cxt 0] Pipeline 'ingress': start
[17:56:53.044] [bmv2] [T] [thread 11823] [5.0] [cxt 0] Applying table 'MyIngress.mat'
[17:56:53.044] [bmv2] [D] [thread 11823] [5.0] [cxt 0] Looking up key:
* standard_metadata.ingress_port: 0002

[17:56:53.044] [bmv2] [D] [thread 11823] [5.0] [cxt 0] Table 'MyIngress.mat': hit with handle 1
[17:56:53.044] [bmv2] [D] [thread 11823] [5.0] [cxt 0] Dumping entry 1
Match key:
* standard_metadata.ingress_port: EXACT     0002
Action entry: MyIngress.modify_egress_spec - 1,

[17:56:53.044] [bmv2] [D] [thread 11823] [5.0] [cxt 0] Action entry is MyIngress.modify_egress_spec - 1,
[17:56:53.044] [bmv2] [T] [thread 11823] [5.0] [cxt 0] Action MyIngress.modify_egress_spec
[17:56:53.044] [bmv2] [T] [thread 11823] [5.0] [cxt 0] repeater.p4(48) Primitive standard_metadata.egress_spec = port
[17:56:53.044] [bmv2] [D] [thread 11823] [5.0] [cxt 0] Pipeline 'ingress': end
[17:56:53.044] [bmv2] [D] [thread 11823] [5.0] [cxt 0] Egress port is 1
[17:56:53.044] [bmv2] [D] [thread 11825] [5.0] [cxt 0] Pipeline 'egress': start
[17:56:53.044] [bmv2] [D] [thread 11825] [5.0] [cxt 0] Pipeline 'egress': end
[17:56:53.044] [bmv2] [D] [thread 11825] [5.0] [cxt 0] Deparser 'deparser': start
[17:56:53.044] [bmv2] [D] [thread 11825] [5.0] [cxt 0] Deparser 'deparser': end
[17:56:53.045] [bmv2] [D] [thread 11828] [5.0] [cxt 0] Transmitting packet of size 98 out of port 1
[17:56:53.048] [bmv2] [D] [thread 11823] [6.0] [cxt 0] Processing packet received on port 2
[17:56:53.048] [bmv2] [D] [thread 11823] [6.0] [cxt 0] Parser 'parser': start
[17:56:53.048] [bmv2] [D] [thread 11823] [6.0] [cxt 0] Parser 'parser' entering state 'start'
[17:56:53.048] [bmv2] [D] [thread 11823] [6.0] [cxt 0] Parser state 'start' has no switch, going to default next state
[17:56:53.048] [bmv2] [T] [thread 11823] [6.0] [cxt 0] Bytes parsed: 0
[17:56:53.048] [bmv2] [D] [thread 11823] [6.0] [cxt 0] Parser 'parser': end
[17:56:53.048] [bmv2] [D] [thread 11823] [6.0] [cxt 0] Pipeline 'ingress': start
[17:56:53.048] [bmv2] [T] [thread 11823] [6.0] [cxt 0] Applying table 'MyIngress.mat'
[17:56:53.048] [bmv2] [D] [thread 11823] [6.0] [cxt 0] Looking up key:
* standard_metadata.ingress_port: 0002

[17:56:53.048] [bmv2] [D] [thread 11823] [6.0] [cxt 0] Table 'MyIngress.mat': hit with handle 1
[17:56:53.048] [bmv2] [D] [thread 11823] [6.0] [cxt 0] Dumping entry 1
Match key:
* standard_metadata.ingress_port: EXACT     0002
Action entry: MyIngress.modify_egress_spec - 1,

[17:56:53.048] [bmv2] [D] [thread 11823] [6.0] [cxt 0] Action entry is MyIngress.modify_egress_spec - 1,
[17:56:53.048] [bmv2] [T] [thread 11823] [6.0] [cxt 0] Action MyIngress.modify_egress_spec
[17:56:53.048] [bmv2] [T] [thread 11823] [6.0] [cxt 0] repeater.p4(48) Primitive standard_metadata.egress_spec = port
[17:56:53.049] [bmv2] [D] [thread 11823] [6.0] [cxt 0] Pipeline 'ingress': end
[17:56:53.049] [bmv2] [D] [thread 11823] [6.0] [cxt 0] Egress port is 1
[17:56:53.049] [bmv2] [D] [thread 11825] [6.0] [cxt 0] Pipeline 'egress': start
[17:56:53.049] [bmv2] [D] [thread 11825] [6.0] [cxt 0] Pipeline 'egress': end
[17:56:53.049] [bmv2] [D] [thread 11825] [6.0] [cxt 0] Deparser 'deparser': start
[17:56:53.049] [bmv2] [D] [thread 11825] [6.0] [cxt 0] Deparser 'deparser': end
[17:56:53.049] [bmv2] [D] [thread 11828] [6.0] [cxt 0] Transmitting packet of size 98 out of port 1
[17:56:53.049] [bmv2] [D] [thread 11823] [7.0] [cxt 0] Processing packet received on port 1
[17:56:53.049] [bmv2] [D] [thread 11823] [7.0] [cxt 0] Parser 'parser': start
[17:56:53.049] [bmv2] [D] [thread 11823] [7.0] [cxt 0] Parser 'parser' entering state 'start'
[17:56:53.049] [bmv2] [D] [thread 11823] [7.0] [cxt 0] Parser state 'start' has no switch, going to default next state
[17:56:53.049] [bmv2] [T] [thread 11823] [7.0] [cxt 0] Bytes parsed: 0
[17:56:53.049] [bmv2] [D] [thread 11823] [7.0] [cxt 0] Parser 'parser': end
[17:56:53.049] [bmv2] [D] [thread 11823] [7.0] [cxt 0] Pipeline 'ingress': start
[17:56:53.049] [bmv2] [T] [thread 11823] [7.0] [cxt 0] Applying table 'MyIngress.mat'
[17:56:53.049] [bmv2] [D] [thread 11823] [7.0] [cxt 0] Looking up key:
* standard_metadata.ingress_port: 0001

[17:56:53.049] [bmv2] [D] [thread 11823] [7.0] [cxt 0] Table 'MyIngress.mat': hit with handle 0
[17:56:53.049] [bmv2] [D] [thread 11823] [7.0] [cxt 0] Dumping entry 0
Match key:
* standard_metadata.ingress_port: EXACT     0001
Action entry: MyIngress.modify_egress_spec - 2,

[17:56:53.050] [bmv2] [D] [thread 11823] [7.0] [cxt 0] Action entry is MyIngress.modify_egress_spec - 2,
[17:56:53.050] [bmv2] [T] [thread 11823] [7.0] [cxt 0] Action MyIngress.modify_egress_spec
[17:56:53.050] [bmv2] [T] [thread 11823] [7.0] [cxt 0] repeater.p4(48) Primitive standard_metadata.egress_spec = port
[17:56:53.050] [bmv2] [D] [thread 11823] [7.0] [cxt 0] Pipeline 'ingress': end
[17:56:53.050] [bmv2] [D] [thread 11823] [7.0] [cxt 0] Egress port is 2
[17:56:53.050] [bmv2] [D] [thread 11826] [7.0] [cxt 0] Pipeline 'egress': start
[17:56:53.050] [bmv2] [D] [thread 11826] [7.0] [cxt 0] Pipeline 'egress': end
[17:56:53.050] [bmv2] [D] [thread 11826] [7.0] [cxt 0] Deparser 'deparser': start
[17:56:53.050] [bmv2] [D] [thread 11826] [7.0] [cxt 0] Deparser 'deparser': end
[17:56:53.050] [bmv2] [D] [thread 11828] [7.0] [cxt 0] Transmitting packet of size 98 out of port 2
[17:57:20.533] [bmv2] [D] [thread 11823] [8.0] [cxt 0] Processing packet received on port 1
[17:57:20.533] [bmv2] [D] [thread 11823] [8.0] [cxt 0] Parser 'parser': start
[17:57:20.533] [bmv2] [D] [thread 11823] [8.0] [cxt 0] Parser 'parser' entering state 'start'
[17:57:20.533] [bmv2] [D] [thread 11823] [8.0] [cxt 0] Parser state 'start' has no switch, going to default next state
[17:57:20.533] [bmv2] [T] [thread 11823] [8.0] [cxt 0] Bytes parsed: 0
[17:57:20.533] [bmv2] [D] [thread 11823] [8.0] [cxt 0] Parser 'parser': end
[17:57:20.533] [bmv2] [D] [thread 11823] [8.0] [cxt 0] Pipeline 'ingress': start
[17:57:20.533] [bmv2] [T] [thread 11823] [8.0] [cxt 0] Applying table 'MyIngress.mat'
[17:57:20.533] [bmv2] [D] [thread 11823] [8.0] [cxt 0] Looking up key:
* standard_metadata.ingress_port: 0001

[17:57:20.533] [bmv2] [D] [thread 11823] [8.0] [cxt 0] Table 'MyIngress.mat': hit with handle 0
[17:57:20.533] [bmv2] [D] [thread 11823] [8.0] [cxt 0] Dumping entry 0
Match key:
* standard_metadata.ingress_port: EXACT     0001
Action entry: MyIngress.modify_egress_spec - 2,

[17:57:20.533] [bmv2] [D] [thread 11823] [8.0] [cxt 0] Action entry is MyIngress.modify_egress_spec - 2,
[17:57:20.533] [bmv2] [T] [thread 11823] [8.0] [cxt 0] Action MyIngress.modify_egress_spec
[17:57:20.533] [bmv2] [T] [thread 11823] [8.0] [cxt 0] repeater.p4(48) Primitive standard_metadata.egress_spec = port
[17:57:20.533] [bmv2] [D] [thread 11823] [8.0] [cxt 0] Pipeline 'ingress': end
[17:57:20.533] [bmv2] [D] [thread 11823] [8.0] [cxt 0] Egress port is 2
[17:57:20.534] [bmv2] [D] [thread 11826] [8.0] [cxt 0] Pipeline 'egress': start
[17:57:20.534] [bmv2] [D] [thread 11826] [8.0] [cxt 0] Pipeline 'egress': end
[17:57:20.534] [bmv2] [D] [thread 11826] [8.0] [cxt 0] Deparser 'deparser': start
[17:57:20.534] [bmv2] [D] [thread 11826] [8.0] [cxt 0] Deparser 'deparser': end
[17:57:20.534] [bmv2] [D] [thread 11828] [8.0] [cxt 0] Transmitting packet of size 37 out of port 2
[17:57:20.535] [bmv2] [D] [thread 11823] [9.0] [cxt 0] Processing packet received on port 2
[17:57:20.535] [bmv2] [D] [thread 11823] [9.0] [cxt 0] Parser 'parser': start
[17:57:20.535] [bmv2] [D] [thread 11823] [9.0] [cxt 0] Parser 'parser' entering state 'start'
[17:57:20.535] [bmv2] [D] [thread 11823] [9.0] [cxt 0] Parser state 'start' has no switch, going to default next state
[17:57:20.535] [bmv2] [T] [thread 11823] [9.0] [cxt 0] Bytes parsed: 0
[17:57:20.535] [bmv2] [D] [thread 11823] [9.0] [cxt 0] Parser 'parser': end
[17:57:20.535] [bmv2] [D] [thread 11823] [9.0] [cxt 0] Pipeline 'ingress': start
[17:57:20.535] [bmv2] [T] [thread 11823] [9.0] [cxt 0] Applying table 'MyIngress.mat'
[17:57:20.535] [bmv2] [D] [thread 11823] [9.0] [cxt 0] Looking up key:
* standard_metadata.ingress_port: 0002

[17:57:20.535] [bmv2] [D] [thread 11823] [9.0] [cxt 0] Table 'MyIngress.mat': hit with handle 1
[17:57:20.535] [bmv2] [D] [thread 11823] [9.0] [cxt 0] Dumping entry 1
Match key:
* standard_metadata.ingress_port: EXACT     0002
Action entry: MyIngress.modify_egress_spec - 1,

[17:57:20.535] [bmv2] [D] [thread 11823] [9.0] [cxt 0] Action entry is MyIngress.modify_egress_spec - 1,
[17:57:20.535] [bmv2] [T] [thread 11823] [9.0] [cxt 0] Action MyIngress.modify_egress_spec
[17:57:20.535] [bmv2] [T] [thread 11823] [9.0] [cxt 0] repeater.p4(48) Primitive standard_metadata.egress_spec = port
[17:57:20.535] [bmv2] [D] [thread 11823] [9.0] [cxt 0] Pipeline 'ingress': end
[17:57:20.535] [bmv2] [D] [thread 11823] [9.0] [cxt 0] Egress port is 1
[17:57:20.535] [bmv2] [D] [thread 11825] [9.0] [cxt 0] Pipeline 'egress': start
[17:57:20.535] [bmv2] [D] [thread 11825] [9.0] [cxt 0] Pipeline 'egress': end
[17:57:20.535] [bmv2] [D] [thread 11825] [9.0] [cxt 0] Deparser 'deparser': start
[17:57:20.535] [bmv2] [D] [thread 11825] [9.0] [cxt 0] Deparser 'deparser': end
[17:57:20.536] [bmv2] [D] [thread 11828] [9.0] [cxt 0] Transmitting packet of size 65 out of port 1
open: No such file or directory
