Warning: you requested the nanomsg event logger, but bmv2 was compiled without -DBMELOG, and the event logger cannot be activated
Calling target program-options parser
[17:54:12.798] [bmv2] [D] [thread 11342] Set default default entry for table 'MyIngress.mat': NoAction - 
Adding interface s1-eth1 as port 1
[17:54:12.798] [bmv2] [D] [thread 11342] Adding interface s1-eth1 as port 1
Adding interface s1-eth2 as port 2
[17:54:12.828] [bmv2] [D] [thread 11342] Adding interface s1-eth2 as port 2
Adding interface s1-eth3 as port 3
[17:54:12.863] [bmv2] [D] [thread 11342] Adding interface s1-eth3 as port 3
Adding interface s1-eth4 as port 4
[17:54:12.897] [bmv2] [D] [thread 11342] Adding interface s1-eth4 as port 4
[17:54:12.960] [bmv2] [I] [thread 11342] Starting Thrift server on port 9090
[17:54:12.960] [bmv2] [I] [thread 11342] Thrift server was started
[17:54:13.052] [bmv2] [D] [thread 11348] [0.0] [cxt 0] Processing packet received on port 4
[17:54:13.052] [bmv2] [D] [thread 11348] [0.0] [cxt 0] Parser 'parser': start
[17:54:13.052] [bmv2] [D] [thread 11348] [0.0] [cxt 0] Parser 'parser' entering state 'start'
[17:54:13.052] [bmv2] [D] [thread 11348] [0.0] [cxt 0] Extracting header 'ethernet'
[17:54:13.052] [bmv2] [D] [thread 11348] [0.0] [cxt 0] Parser state 'start' has no switch, going to default next state
[17:54:13.052] [bmv2] [T] [thread 11348] [0.0] [cxt 0] Bytes parsed: 14
[17:54:13.052] [bmv2] [D] [thread 11348] [0.0] [cxt 0] Parser 'parser': end
[17:54:13.053] [bmv2] [D] [thread 11348] [0.0] [cxt 0] Pipeline 'ingress': start
[17:54:13.053] [bmv2] [T] [thread 11348] [0.0] [cxt 0] Applying table 'MyIngress.mat'
[17:54:13.053] [bmv2] [D] [thread 11348] [0.0] [cxt 0] Looking up key:
* hdr.ethernet.dstAddr: 333300000016

[17:54:13.053] [bmv2] [D] [thread 11348] [0.0] [cxt 0] Table 'MyIngress.mat': miss
[17:54:13.053] [bmv2] [D] [thread 11348] [0.0] [cxt 0] Action entry is NoAction - 
[17:54:13.053] [bmv2] [T] [thread 11348] [0.0] [cxt 0] Action NoAction
[17:54:13.053] [bmv2] [D] [thread 11348] [0.0] [cxt 0] Pipeline 'ingress': end
[17:54:13.053] [bmv2] [D] [thread 11348] [0.0] [cxt 0] Egress port is 0
[17:54:13.053] [bmv2] [D] [thread 11349] [0.0] [cxt 0] Pipeline 'egress': start
[17:54:13.053] [bmv2] [D] [thread 11349] [0.0] [cxt 0] Pipeline 'egress': end
[17:54:13.053] [bmv2] [D] [thread 11349] [0.0] [cxt 0] Deparser 'deparser': start
[17:54:13.053] [bmv2] [D] [thread 11349] [0.0] [cxt 0] Deparsing header 'ethernet'
[17:54:13.053] [bmv2] [D] [thread 11349] [0.0] [cxt 0] Deparser 'deparser': end
[17:54:13.053] [bmv2] [D] [thread 11353] [0.0] [cxt 0] Transmitting packet of size 90 out of port 0
[17:54:13.059] [bmv2] [D] [thread 11348] [1.0] [cxt 0] Processing packet received on port 2
[17:54:13.060] [bmv2] [D] [thread 11348] [1.0] [cxt 0] Parser 'parser': start
[17:54:13.060] [bmv2] [D] [thread 11348] [1.0] [cxt 0] Parser 'parser' entering state 'start'
[17:54:13.060] [bmv2] [D] [thread 11348] [1.0] [cxt 0] Extracting header 'ethernet'
[17:54:13.060] [bmv2] [D] [thread 11348] [1.0] [cxt 0] Parser state 'start' has no switch, going to default next state
[17:54:13.060] [bmv2] [T] [thread 11348] [1.0] [cxt 0] Bytes parsed: 14
[17:54:13.060] [bmv2] [D] [thread 11348] [1.0] [cxt 0] Parser 'parser': end
[17:54:13.060] [bmv2] [D] [thread 11348] [1.0] [cxt 0] Pipeline 'ingress': start
[17:54:13.060] [bmv2] [T] [thread 11348] [1.0] [cxt 0] Applying table 'MyIngress.mat'
[17:54:13.060] [bmv2] [D] [thread 11348] [1.0] [cxt 0] Looking up key:
* hdr.ethernet.dstAddr: 333300000016

[17:54:13.060] [bmv2] [D] [thread 11348] [1.0] [cxt 0] Table 'MyIngress.mat': miss
[17:54:13.060] [bmv2] [D] [thread 11348] [1.0] [cxt 0] Action entry is NoAction - 
[17:54:13.060] [bmv2] [T] [thread 11348] [1.0] [cxt 0] Action NoAction
[17:54:13.060] [bmv2] [D] [thread 11348] [1.0] [cxt 0] Pipeline 'ingress': end
[17:54:13.060] [bmv2] [D] [thread 11348] [1.0] [cxt 0] Egress port is 0
[17:54:13.060] [bmv2] [D] [thread 11349] [1.0] [cxt 0] Pipeline 'egress': start
[17:54:13.060] [bmv2] [D] [thread 11349] [1.0] [cxt 0] Pipeline 'egress': end
[17:54:13.060] [bmv2] [D] [thread 11349] [1.0] [cxt 0] Deparser 'deparser': start
[17:54:13.060] [bmv2] [D] [thread 11349] [1.0] [cxt 0] Deparsing header 'ethernet'
[17:54:13.060] [bmv2] [D] [thread 11349] [1.0] [cxt 0] Deparser 'deparser': end
[17:54:13.060] [bmv2] [D] [thread 11353] [1.0] [cxt 0] Transmitting packet of size 90 out of port 0
[17:54:13.150] [bmv2] [D] [thread 11348] [2.0] [cxt 0] Processing packet received on port 3
[17:54:13.150] [bmv2] [D] [thread 11348] [2.0] [cxt 0] Parser 'parser': start
[17:54:13.150] [bmv2] [D] [thread 11348] [2.0] [cxt 0] Parser 'parser' entering state 'start'
[17:54:13.150] [bmv2] [D] [thread 11348] [2.0] [cxt 0] Extracting header 'ethernet'
[17:54:13.150] [bmv2] [D] [thread 11348] [2.0] [cxt 0] Parser state 'start' has no switch, going to default next state
[17:54:13.150] [bmv2] [T] [thread 11348] [2.0] [cxt 0] Bytes parsed: 14
[17:54:13.150] [bmv2] [D] [thread 11348] [2.0] [cxt 0] Parser 'parser': end
[17:54:13.150] [bmv2] [D] [thread 11348] [2.0] [cxt 0] Pipeline 'ingress': start
[17:54:13.150] [bmv2] [T] [thread 11348] [2.0] [cxt 0] Applying table 'MyIngress.mat'
[17:54:13.150] [bmv2] [D] [thread 11348] [2.0] [cxt 0] Looking up key:
* hdr.ethernet.dstAddr: 333300000016

[17:54:13.150] [bmv2] [D] [thread 11348] [2.0] [cxt 0] Table 'MyIngress.mat': miss
[17:54:13.150] [bmv2] [D] [thread 11348] [2.0] [cxt 0] Action entry is NoAction - 
[17:54:13.151] [bmv2] [T] [thread 11348] [2.0] [cxt 0] Action NoAction
[17:54:13.151] [bmv2] [D] [thread 11348] [2.0] [cxt 0] Pipeline 'ingress': end
[17:54:13.151] [bmv2] [D] [thread 11348] [2.0] [cxt 0] Egress port is 0
[17:54:13.151] [bmv2] [D] [thread 11349] [2.0] [cxt 0] Pipeline 'egress': start
[17:54:13.151] [bmv2] [D] [thread 11349] [2.0] [cxt 0] Pipeline 'egress': end
[17:54:13.151] [bmv2] [D] [thread 11349] [2.0] [cxt 0] Deparser 'deparser': start
[17:54:13.151] [bmv2] [D] [thread 11349] [2.0] [cxt 0] Deparsing header 'ethernet'
[17:54:13.151] [bmv2] [D] [thread 11349] [2.0] [cxt 0] Deparser 'deparser': end
[17:54:13.151] [bmv2] [D] [thread 11353] [2.0] [cxt 0] Transmitting packet of size 90 out of port 0
[17:54:13.268] [bmv2] [D] [thread 11348] [3.0] [cxt 0] Processing packet received on port 3
[17:54:13.268] [bmv2] [D] [thread 11348] [3.0] [cxt 0] Parser 'parser': start
[17:54:13.269] [bmv2] [D] [thread 11348] [3.0] [cxt 0] Parser 'parser' entering state 'start'
[17:54:13.269] [bmv2] [D] [thread 11348] [3.0] [cxt 0] Extracting header 'ethernet'
[17:54:13.269] [bmv2] [D] [thread 11348] [3.0] [cxt 0] Parser state 'start' has no switch, going to default next state
[17:54:13.269] [bmv2] [T] [thread 11348] [3.0] [cxt 0] Bytes parsed: 14
[17:54:13.269] [bmv2] [D] [thread 11348] [3.0] [cxt 0] Parser 'parser': end
[17:54:13.269] [bmv2] [D] [thread 11348] [3.0] [cxt 0] Pipeline 'ingress': start
[17:54:13.269] [bmv2] [T] [thread 11348] [3.0] [cxt 0] Applying table 'MyIngress.mat'
[17:54:13.269] [bmv2] [D] [thread 11348] [3.0] [cxt 0] Looking up key:
* hdr.ethernet.dstAddr: 3333ff000003

[17:54:13.269] [bmv2] [D] [thread 11348] [3.0] [cxt 0] Table 'MyIngress.mat': miss
[17:54:13.269] [bmv2] [D] [thread 11348] [3.0] [cxt 0] Action entry is NoAction - 
[17:54:13.269] [bmv2] [T] [thread 11348] [3.0] [cxt 0] Action NoAction
[17:54:13.269] [bmv2] [D] [thread 11348] [3.0] [cxt 0] Pipeline 'ingress': end
[17:54:13.269] [bmv2] [D] [thread 11348] [3.0] [cxt 0] Egress port is 0
[17:54:13.269] [bmv2] [D] [thread 11349] [3.0] [cxt 0] Pipeline 'egress': start
[17:54:13.270] [bmv2] [D] [thread 11349] [3.0] [cxt 0] Pipeline 'egress': end
[17:54:13.270] [bmv2] [D] [thread 11349] [3.0] [cxt 0] Deparser 'deparser': start
[17:54:13.270] [bmv2] [D] [thread 11349] [3.0] [cxt 0] Deparsing header 'ethernet'
[17:54:13.270] [bmv2] [D] [thread 11349] [3.0] [cxt 0] Deparser 'deparser': end
[17:54:13.270] [bmv2] [D] [thread 11353] [3.0] [cxt 0] Transmitting packet of size 78 out of port 0
[17:54:13.380] [bmv2] [D] [thread 11348] [4.0] [cxt 0] Processing packet received on port 1
[17:54:13.380] [bmv2] [D] [thread 11348] [4.0] [cxt 0] Parser 'parser': start
[17:54:13.380] [bmv2] [D] [thread 11348] [4.0] [cxt 0] Parser 'parser' entering state 'start'
[17:54:13.380] [bmv2] [D] [thread 11348] [4.0] [cxt 0] Extracting header 'ethernet'
[17:54:13.380] [bmv2] [D] [thread 11348] [4.0] [cxt 0] Parser state 'start' has no switch, going to default next state
[17:54:13.380] [bmv2] [T] [thread 11348] [4.0] [cxt 0] Bytes parsed: 14
[17:54:13.381] [bmv2] [D] [thread 11348] [4.0] [cxt 0] Parser 'parser': end
[17:54:13.381] [bmv2] [D] [thread 11348] [4.0] [cxt 0] Pipeline 'ingress': start
[17:54:13.381] [bmv2] [T] [thread 11348] [4.0] [cxt 0] Applying table 'MyIngress.mat'
[17:54:13.381] [bmv2] [D] [thread 11348] [4.0] [cxt 0] Looking up key:
* hdr.ethernet.dstAddr: 3333ff000001

[17:54:13.381] [bmv2] [D] [thread 11348] [4.0] [cxt 0] Table 'MyIngress.mat': miss
[17:54:13.381] [bmv2] [D] [thread 11348] [4.0] [cxt 0] Action entry is NoAction - 
[17:54:13.381] [bmv2] [T] [thread 11348] [4.0] [cxt 0] Action NoAction
[17:54:13.381] [bmv2] [D] [thread 11348] [4.0] [cxt 0] Pipeline 'ingress': end
[17:54:13.381] [bmv2] [D] [thread 11348] [4.0] [cxt 0] Egress port is 0
[17:54:13.381] [bmv2] [D] [thread 11349] [4.0] [cxt 0] Pipeline 'egress': start
[17:54:13.381] [bmv2] [D] [thread 11349] [4.0] [cxt 0] Pipeline 'egress': end
[17:54:13.381] [bmv2] [D] [thread 11349] [4.0] [cxt 0] Deparser 'deparser': start
[17:54:13.381] [bmv2] [D] [thread 11349] [4.0] [cxt 0] Deparsing header 'ethernet'
[17:54:13.381] [bmv2] [D] [thread 11349] [4.0] [cxt 0] Deparser 'deparser': end
[17:54:13.381] [bmv2] [D] [thread 11353] [4.0] [cxt 0] Transmitting packet of size 78 out of port 0
[17:54:13.654] [bmv2] [D] [thread 11348] [5.0] [cxt 0] Processing packet received on port 1
[17:54:13.654] [bmv2] [D] [thread 11348] [5.0] [cxt 0] Parser 'parser': start
[17:54:13.654] [bmv2] [D] [thread 11348] [5.0] [cxt 0] Parser 'parser' entering state 'start'
[17:54:13.654] [bmv2] [D] [thread 11348] [5.0] [cxt 0] Extracting header 'ethernet'
[17:54:13.655] [bmv2] [D] [thread 11348] [5.0] [cxt 0] Parser state 'start' has no switch, going to default next state
[17:54:13.655] [bmv2] [T] [thread 11348] [5.0] [cxt 0] Bytes parsed: 14
[17:54:13.655] [bmv2] [D] [thread 11348] [5.0] [cxt 0] Parser 'parser': end
[17:54:13.655] [bmv2] [D] [thread 11348] [5.0] [cxt 0] Pipeline 'ingress': start
[17:54:13.655] [bmv2] [T] [thread 11348] [5.0] [cxt 0] Applying table 'MyIngress.mat'
[17:54:13.655] [bmv2] [D] [thread 11348] [5.0] [cxt 0] Looking up key:
* hdr.ethernet.dstAddr: 333300000016

[17:54:13.655] [bmv2] [D] [thread 11348] [5.0] [cxt 0] Table 'MyIngress.mat': miss
[17:54:13.655] [bmv2] [D] [thread 11348] [5.0] [cxt 0] Action entry is NoAction - 
[17:54:13.655] [bmv2] [T] [thread 11348] [5.0] [cxt 0] Action NoAction
[17:54:13.655] [bmv2] [D] [thread 11348] [5.0] [cxt 0] Pipeline 'ingress': end
[17:54:13.655] [bmv2] [D] [thread 11348] [5.0] [cxt 0] Egress port is 0
[17:54:13.656] [bmv2] [D] [thread 11349] [5.0] [cxt 0] Pipeline 'egress': start
[17:54:13.656] [bmv2] [D] [thread 11349] [5.0] [cxt 0] Pipeline 'egress': end
[17:54:13.656] [bmv2] [D] [thread 11349] [5.0] [cxt 0] Deparser 'deparser': start
[17:54:13.656] [bmv2] [D] [thread 11349] [5.0] [cxt 0] Deparsing header 'ethernet'
[17:54:13.656] [bmv2] [D] [thread 11349] [5.0] [cxt 0] Deparser 'deparser': end
[17:54:13.656] [bmv2] [D] [thread 11353] [5.0] [cxt 0] Transmitting packet of size 90 out of port 0
[17:54:13.692] [bmv2] [D] [thread 11348] [6.0] [cxt 0] Processing packet received on port 2
[17:54:13.692] [bmv2] [D] [thread 11348] [6.0] [cxt 0] Parser 'parser': start
[17:54:13.692] [bmv2] [D] [thread 11348] [6.0] [cxt 0] Parser 'parser' entering state 'start'
[17:54:13.692] [bmv2] [D] [thread 11348] [6.0] [cxt 0] Extracting header 'ethernet'
[17:54:13.692] [bmv2] [D] [thread 11348] [6.0] [cxt 0] Parser state 'start' has no switch, going to default next state
[17:54:13.692] [bmv2] [T] [thread 11348] [6.0] [cxt 0] Bytes parsed: 14
[17:54:13.692] [bmv2] [D] [thread 11348] [6.0] [cxt 0] Parser 'parser': end
[17:54:13.693] [bmv2] [D] [thread 11348] [6.0] [cxt 0] Pipeline 'ingress': start
[17:54:13.693] [bmv2] [T] [thread 11348] [6.0] [cxt 0] Applying table 'MyIngress.mat'
[17:54:13.693] [bmv2] [D] [thread 11348] [6.0] [cxt 0] Looking up key:
* hdr.ethernet.dstAddr: 3333ff000002

[17:54:13.693] [bmv2] [D] [thread 11348] [6.0] [cxt 0] Table 'MyIngress.mat': miss
[17:54:13.693] [bmv2] [D] [thread 11348] [6.0] [cxt 0] Action entry is NoAction - 
[17:54:13.693] [bmv2] [T] [thread 11348] [6.0] [cxt 0] Action NoAction
[17:54:13.693] [bmv2] [D] [thread 11348] [6.0] [cxt 0] Pipeline 'ingress': end
[17:54:13.693] [bmv2] [D] [thread 11348] [6.0] [cxt 0] Egress port is 0
[17:54:13.693] [bmv2] [D] [thread 11349] [6.0] [cxt 0] Pipeline 'egress': start
[17:54:13.693] [bmv2] [D] [thread 11349] [6.0] [cxt 0] Pipeline 'egress': end
[17:54:13.693] [bmv2] [D] [thread 11349] [6.0] [cxt 0] Deparser 'deparser': start
[17:54:13.693] [bmv2] [D] [thread 11349] [6.0] [cxt 0] Deparsing header 'ethernet'
[17:54:13.693] [bmv2] [D] [thread 11349] [6.0] [cxt 0] Deparser 'deparser': end
[17:54:13.693] [bmv2] [D] [thread 11353] [6.0] [cxt 0] Transmitting packet of size 78 out of port 0
[17:54:13.824] [bmv2] [D] [thread 11348] [7.0] [cxt 0] Processing packet received on port 4
[17:54:13.824] [bmv2] [D] [thread 11348] [7.0] [cxt 0] Parser 'parser': start
[17:54:13.824] [bmv2] [D] [thread 11348] [7.0] [cxt 0] Parser 'parser' entering state 'start'
[17:54:13.824] [bmv2] [D] [thread 11348] [7.0] [cxt 0] Extracting header 'ethernet'
[17:54:13.824] [bmv2] [D] [thread 11348] [7.0] [cxt 0] Parser state 'start' has no switch, going to default next state
[17:54:13.824] [bmv2] [T] [thread 11348] [7.0] [cxt 0] Bytes parsed: 14
[17:54:13.824] [bmv2] [D] [thread 11348] [7.0] [cxt 0] Parser 'parser': end
[17:54:13.824] [bmv2] [D] [thread 11348] [7.0] [cxt 0] Pipeline 'ingress': start
[17:54:13.824] [bmv2] [T] [thread 11348] [7.0] [cxt 0] Applying table 'MyIngress.mat'
[17:54:13.824] [bmv2] [D] [thread 11348] [7.0] [cxt 0] Looking up key:
* hdr.ethernet.dstAddr: 333300000016

[17:54:13.824] [bmv2] [D] [thread 11348] [7.0] [cxt 0] Table 'MyIngress.mat': miss
[17:54:13.824] [bmv2] [D] [thread 11348] [7.0] [cxt 0] Action entry is NoAction - 
[17:54:13.824] [bmv2] [T] [thread 11348] [7.0] [cxt 0] Action NoAction
[17:54:13.824] [bmv2] [D] [thread 11348] [7.0] [cxt 0] Pipeline 'ingress': end
[17:54:13.824] [bmv2] [D] [thread 11348] [7.0] [cxt 0] Egress port is 0
[17:54:13.824] [bmv2] [D] [thread 11348] [8.0] [cxt 0] Processing packet received on port 4
[17:54:13.824] [bmv2] [D] [thread 11348] [8.0] [cxt 0] Parser 'parser': start
[17:54:13.825] [bmv2] [D] [thread 11348] [8.0] [cxt 0] Parser 'parser' entering state 'start'
[17:54:13.825] [bmv2] [D] [thread 11348] [8.0] [cxt 0] Extracting header 'ethernet'
[17:54:13.825] [bmv2] [D] [thread 11348] [8.0] [cxt 0] Parser state 'start' has no switch, going to default next state
[17:54:13.825] [bmv2] [T] [thread 11348] [8.0] [cxt 0] Bytes parsed: 14
[17:54:13.825] [bmv2] [D] [thread 11349] [7.0] [cxt 0] Pipeline 'egress': start
[17:54:13.825] [bmv2] [D] [thread 11349] [7.0] [cxt 0] Pipeline 'egress': end
[17:54:13.825] [bmv2] [D] [thread 11348] [8.0] [cxt 0] Parser 'parser': end
[17:54:13.825] [bmv2] [D] [thread 11349] [7.0] [cxt 0] Deparser 'deparser': start
[17:54:13.825] [bmv2] [D] [thread 11348] [8.0] [cxt 0] Pipeline 'ingress': start
[17:54:13.825] [bmv2] [T] [thread 11348] [8.0] [cxt 0] Applying table 'MyIngress.mat'
[17:54:13.825] [bmv2] [D] [thread 11348] [8.0] [cxt 0] Looking up key:
* hdr.ethernet.dstAddr: 333300000002

[17:54:13.825] [bmv2] [D] [thread 11348] [8.0] [cxt 0] Table 'MyIngress.mat': miss
[17:54:13.825] [bmv2] [D] [thread 11348] [8.0] [cxt 0] Action entry is NoAction - 
[17:54:13.825] [bmv2] [T] [thread 11348] [8.0] [cxt 0] Action NoAction
[17:54:13.825] [bmv2] [D] [thread 11348] [8.0] [cxt 0] Pipeline 'ingress': end
[17:54:13.825] [bmv2] [D] [thread 11348] [8.0] [cxt 0] Egress port is 0
[17:54:13.825] [bmv2] [D] [thread 11349] [7.0] [cxt 0] Deparsing header 'ethernet'
[17:54:13.825] [bmv2] [D] [thread 11349] [7.0] [cxt 0] Deparser 'deparser': end
[17:54:13.825] [bmv2] [D] [thread 11349] [8.0] [cxt 0] Pipeline 'egress': start
[17:54:13.825] [bmv2] [D] [thread 11349] [8.0] [cxt 0] Pipeline 'egress': end
[17:54:13.825] [bmv2] [D] [thread 11349] [8.0] [cxt 0] Deparser 'deparser': start
[17:54:13.825] [bmv2] [D] [thread 11349] [8.0] [cxt 0] Deparsing header 'ethernet'
[17:54:13.825] [bmv2] [D] [thread 11349] [8.0] [cxt 0] Deparser 'deparser': end
[17:54:13.825] [bmv2] [D] [thread 11353] [7.0] [cxt 0] Transmitting packet of size 90 out of port 0
[17:54:13.825] [bmv2] [D] [thread 11353] [8.0] [cxt 0] Transmitting packet of size 70 out of port 0
[17:54:14.979] [bmv2] [T] [thread 11396] bm_get_config
[17:54:14.981] [bmv2] [T] [thread 11396] bm_table_add_entry
[17:54:14.981] [bmv2] [D] [thread 11396] Entry 0 added to table 'MyIngress.mat'
[17:54:14.981] [bmv2] [D] [thread 11396] Dumping entry 0
Match key:
* hdr.ethernet.dstAddr: EXACT     00000a000001
Action entry: MyIngress.modify_egress_spec - 1,

[17:54:14.981] [bmv2] [T] [thread 11396] bm_table_add_entry
[17:54:14.981] [bmv2] [D] [thread 11396] Entry 1 added to table 'MyIngress.mat'
[17:54:14.981] [bmv2] [D] [thread 11396] Dumping entry 1
Match key:
* hdr.ethernet.dstAddr: EXACT     00000a000002
Action entry: MyIngress.modify_egress_spec - 2,

[17:54:14.982] [bmv2] [T] [thread 11396] bm_table_add_entry
[17:54:14.982] [bmv2] [D] [thread 11396] Entry 2 added to table 'MyIngress.mat'
[17:54:14.982] [bmv2] [D] [thread 11396] Dumping entry 2
Match key:
* hdr.ethernet.dstAddr: EXACT     00000a000003
Action entry: MyIngress.modify_egress_spec - 3,

[17:54:14.982] [bmv2] [T] [thread 11396] bm_table_add_entry
[17:54:14.982] [bmv2] [D] [thread 11396] Entry 3 added to table 'MyIngress.mat'
[17:54:14.982] [bmv2] [D] [thread 11396] Dumping entry 3
Match key:
* hdr.ethernet.dstAddr: EXACT     00000a000004
Action entry: MyIngress.modify_egress_spec - 4,

[17:54:19.685] [bmv2] [D] [thread 11348] [9.0] [cxt 0] Processing packet received on port 1
[17:54:19.685] [bmv2] [D] [thread 11348] [9.0] [cxt 0] Parser 'parser': start
[17:54:19.685] [bmv2] [D] [thread 11348] [9.0] [cxt 0] Parser 'parser' entering state 'start'
[17:54:19.685] [bmv2] [D] [thread 11348] [9.0] [cxt 0] Extracting header 'ethernet'
[17:54:19.685] [bmv2] [D] [thread 11348] [9.0] [cxt 0] Parser state 'start' has no switch, going to default next state
[17:54:19.685] [bmv2] [T] [thread 11348] [9.0] [cxt 0] Bytes parsed: 14
[17:54:19.685] [bmv2] [D] [thread 11348] [9.0] [cxt 0] Parser 'parser': end
[17:54:19.685] [bmv2] [D] [thread 11348] [9.0] [cxt 0] Pipeline 'ingress': start
[17:54:19.686] [bmv2] [T] [thread 11348] [9.0] [cxt 0] Applying table 'MyIngress.mat'
[17:54:19.686] [bmv2] [D] [thread 11348] [9.0] [cxt 0] Looking up key:
* hdr.ethernet.dstAddr: 00000a000002

[17:54:19.686] [bmv2] [D] [thread 11348] [9.0] [cxt 0] Table 'MyIngress.mat': hit with handle 1
[17:54:19.686] [bmv2] [D] [thread 11348] [9.0] [cxt 0] Dumping entry 1
Match key:
* hdr.ethernet.dstAddr: EXACT     00000a000002
Action entry: MyIngress.modify_egress_spec - 2,

[17:54:19.686] [bmv2] [D] [thread 11348] [9.0] [cxt 0] Action entry is MyIngress.modify_egress_spec - 2,
[17:54:19.686] [bmv2] [T] [thread 11348] [9.0] [cxt 0] Action MyIngress.modify_egress_spec
[17:54:19.686] [bmv2] [T] [thread 11348] [9.0] [cxt 0] p4src/l2_basic_forwarding.p4(68) Primitive standard_metadata.egress_spec = port
[17:54:19.686] [bmv2] [D] [thread 11348] [9.0] [cxt 0] Pipeline 'ingress': end
[17:54:19.686] [bmv2] [D] [thread 11348] [9.0] [cxt 0] Egress port is 2
[17:54:19.686] [bmv2] [D] [thread 11351] [9.0] [cxt 0] Pipeline 'egress': start
[17:54:19.686] [bmv2] [D] [thread 11351] [9.0] [cxt 0] Pipeline 'egress': end
[17:54:19.686] [bmv2] [D] [thread 11351] [9.0] [cxt 0] Deparser 'deparser': start
[17:54:19.686] [bmv2] [D] [thread 11351] [9.0] [cxt 0] Deparsing header 'ethernet'
[17:54:19.686] [bmv2] [D] [thread 11351] [9.0] [cxt 0] Deparser 'deparser': end
[17:54:19.686] [bmv2] [D] [thread 11353] [9.0] [cxt 0] Transmitting packet of size 98 out of port 2
[17:54:19.686] [bmv2] [D] [thread 11348] [10.0] [cxt 0] Processing packet received on port 2
[17:54:19.686] [bmv2] [D] [thread 11348] [10.0] [cxt 0] Parser 'parser': start
[17:54:19.686] [bmv2] [D] [thread 11348] [10.0] [cxt 0] Parser 'parser' entering state 'start'
[17:54:19.686] [bmv2] [D] [thread 11348] [10.0] [cxt 0] Extracting header 'ethernet'
[17:54:19.686] [bmv2] [D] [thread 11348] [10.0] [cxt 0] Parser state 'start' has no switch, going to default next state
[17:54:19.686] [bmv2] [T] [thread 11348] [10.0] [cxt 0] Bytes parsed: 14
[17:54:19.686] [bmv2] [D] [thread 11348] [10.0] [cxt 0] Parser 'parser': end
[17:54:19.686] [bmv2] [D] [thread 11348] [10.0] [cxt 0] Pipeline 'ingress': start
[17:54:19.686] [bmv2] [T] [thread 11348] [10.0] [cxt 0] Applying table 'MyIngress.mat'
[17:54:19.686] [bmv2] [D] [thread 11348] [10.0] [cxt 0] Looking up key:
* hdr.ethernet.dstAddr: 00000a000001

[17:54:19.686] [bmv2] [D] [thread 11348] [10.0] [cxt 0] Table 'MyIngress.mat': hit with handle 0
[17:54:19.686] [bmv2] [D] [thread 11348] [10.0] [cxt 0] Dumping entry 0
Match key:
* hdr.ethernet.dstAddr: EXACT     00000a000001
Action entry: MyIngress.modify_egress_spec - 1,

[17:54:19.686] [bmv2] [D] [thread 11348] [10.0] [cxt 0] Action entry is MyIngress.modify_egress_spec - 1,
[17:54:19.686] [bmv2] [T] [thread 11348] [10.0] [cxt 0] Action MyIngress.modify_egress_spec
[17:54:19.686] [bmv2] [T] [thread 11348] [10.0] [cxt 0] p4src/l2_basic_forwarding.p4(68) Primitive standard_metadata.egress_spec = port
[17:54:19.686] [bmv2] [D] [thread 11348] [10.0] [cxt 0] Pipeline 'ingress': end
[17:54:19.686] [bmv2] [D] [thread 11348] [10.0] [cxt 0] Egress port is 1
[17:54:19.686] [bmv2] [D] [thread 11350] [10.0] [cxt 0] Pipeline 'egress': start
[17:54:19.686] [bmv2] [D] [thread 11350] [10.0] [cxt 0] Pipeline 'egress': end
[17:54:19.686] [bmv2] [D] [thread 11350] [10.0] [cxt 0] Deparser 'deparser': start
[17:54:19.686] [bmv2] [D] [thread 11350] [10.0] [cxt 0] Deparsing header 'ethernet'
[17:54:19.686] [bmv2] [D] [thread 11350] [10.0] [cxt 0] Deparser 'deparser': end
[17:54:19.686] [bmv2] [D] [thread 11353] [10.0] [cxt 0] Transmitting packet of size 98 out of port 1
[17:54:19.688] [bmv2] [D] [thread 11348] [11.0] [cxt 0] Processing packet received on port 1
[17:54:19.688] [bmv2] [D] [thread 11348] [11.0] [cxt 0] Parser 'parser': start
[17:54:19.688] [bmv2] [D] [thread 11348] [11.0] [cxt 0] Parser 'parser' entering state 'start'
[17:54:19.688] [bmv2] [D] [thread 11348] [11.0] [cxt 0] Extracting header 'ethernet'
[17:54:19.688] [bmv2] [D] [thread 11348] [11.0] [cxt 0] Parser state 'start' has no switch, going to default next state
[17:54:19.688] [bmv2] [T] [thread 11348] [11.0] [cxt 0] Bytes parsed: 14
[17:54:19.688] [bmv2] [D] [thread 11348] [11.0] [cxt 0] Parser 'parser': end
[17:54:19.688] [bmv2] [D] [thread 11348] [11.0] [cxt 0] Pipeline 'ingress': start
[17:54:19.688] [bmv2] [T] [thread 11348] [11.0] [cxt 0] Applying table 'MyIngress.mat'
[17:54:19.689] [bmv2] [D] [thread 11348] [11.0] [cxt 0] Looking up key:
* hdr.ethernet.dstAddr: 00000a000003

[17:54:19.689] [bmv2] [D] [thread 11348] [11.0] [cxt 0] Table 'MyIngress.mat': hit with handle 2
[17:54:19.689] [bmv2] [D] [thread 11348] [11.0] [cxt 0] Dumping entry 2
Match key:
* hdr.ethernet.dstAddr: EXACT     00000a000003
Action entry: MyIngress.modify_egress_spec - 3,

[17:54:19.689] [bmv2] [D] [thread 11348] [11.0] [cxt 0] Action entry is MyIngress.modify_egress_spec - 3,
[17:54:19.689] [bmv2] [T] [thread 11348] [11.0] [cxt 0] Action MyIngress.modify_egress_spec
[17:54:19.689] [bmv2] [T] [thread 11348] [11.0] [cxt 0] p4src/l2_basic_forwarding.p4(68) Primitive standard_metadata.egress_spec = port
[17:54:19.689] [bmv2] [D] [thread 11348] [11.0] [cxt 0] Pipeline 'ingress': end
[17:54:19.689] [bmv2] [D] [thread 11348] [11.0] [cxt 0] Egress port is 3
[17:54:19.689] [bmv2] [D] [thread 11352] [11.0] [cxt 0] Pipeline 'egress': start
[17:54:19.689] [bmv2] [D] [thread 11352] [11.0] [cxt 0] Pipeline 'egress': end
[17:54:19.689] [bmv2] [D] [thread 11352] [11.0] [cxt 0] Deparser 'deparser': start
[17:54:19.689] [bmv2] [D] [thread 11352] [11.0] [cxt 0] Deparsing header 'ethernet'
[17:54:19.689] [bmv2] [D] [thread 11352] [11.0] [cxt 0] Deparser 'deparser': end
[17:54:19.689] [bmv2] [D] [thread 11353] [11.0] [cxt 0] Transmitting packet of size 98 out of port 3
[17:54:19.689] [bmv2] [D] [thread 11348] [12.0] [cxt 0] Processing packet received on port 3
[17:54:19.689] [bmv2] [D] [thread 11348] [12.0] [cxt 0] Parser 'parser': start
[17:54:19.689] [bmv2] [D] [thread 11348] [12.0] [cxt 0] Parser 'parser' entering state 'start'
[17:54:19.689] [bmv2] [D] [thread 11348] [12.0] [cxt 0] Extracting header 'ethernet'
[17:54:19.689] [bmv2] [D] [thread 11348] [12.0] [cxt 0] Parser state 'start' has no switch, going to default next state
[17:54:19.689] [bmv2] [T] [thread 11348] [12.0] [cxt 0] Bytes parsed: 14
[17:54:19.689] [bmv2] [D] [thread 11348] [12.0] [cxt 0] Parser 'parser': end
[17:54:19.689] [bmv2] [D] [thread 11348] [12.0] [cxt 0] Pipeline 'ingress': start
[17:54:19.689] [bmv2] [T] [thread 11348] [12.0] [cxt 0] Applying table 'MyIngress.mat'
[17:54:19.689] [bmv2] [D] [thread 11348] [12.0] [cxt 0] Looking up key:
* hdr.ethernet.dstAddr: 00000a000001

[17:54:19.689] [bmv2] [D] [thread 11348] [12.0] [cxt 0] Table 'MyIngress.mat': hit with handle 0
[17:54:19.689] [bmv2] [D] [thread 11348] [12.0] [cxt 0] Dumping entry 0
Match key:
* hdr.ethernet.dstAddr: EXACT     00000a000001
Action entry: MyIngress.modify_egress_spec - 1,

[17:54:19.689] [bmv2] [D] [thread 11348] [12.0] [cxt 0] Action entry is MyIngress.modify_egress_spec - 1,
[17:54:19.689] [bmv2] [T] [thread 11348] [12.0] [cxt 0] Action MyIngress.modify_egress_spec
[17:54:19.689] [bmv2] [T] [thread 11348] [12.0] [cxt 0] p4src/l2_basic_forwarding.p4(68) Primitive standard_metadata.egress_spec = port
[17:54:19.689] [bmv2] [D] [thread 11348] [12.0] [cxt 0] Pipeline 'ingress': end
[17:54:19.689] [bmv2] [D] [thread 11348] [12.0] [cxt 0] Egress port is 1
[17:54:19.689] [bmv2] [D] [thread 11350] [12.0] [cxt 0] Pipeline 'egress': start
[17:54:19.689] [bmv2] [D] [thread 11350] [12.0] [cxt 0] Pipeline 'egress': end
[17:54:19.689] [bmv2] [D] [thread 11350] [12.0] [cxt 0] Deparser 'deparser': start
[17:54:19.689] [bmv2] [D] [thread 11350] [12.0] [cxt 0] Deparsing header 'ethernet'
[17:54:19.689] [bmv2] [D] [thread 11350] [12.0] [cxt 0] Deparser 'deparser': end
[17:54:19.689] [bmv2] [D] [thread 11353] [12.0] [cxt 0] Transmitting packet of size 98 out of port 1
[17:54:19.691] [bmv2] [D] [thread 11348] [13.0] [cxt 0] Processing packet received on port 1
[17:54:19.691] [bmv2] [D] [thread 11348] [13.0] [cxt 0] Parser 'parser': start
[17:54:19.691] [bmv2] [D] [thread 11348] [13.0] [cxt 0] Parser 'parser' entering state 'start'
[17:54:19.691] [bmv2] [D] [thread 11348] [13.0] [cxt 0] Extracting header 'ethernet'
[17:54:19.691] [bmv2] [D] [thread 11348] [13.0] [cxt 0] Parser state 'start' has no switch, going to default next state
[17:54:19.691] [bmv2] [T] [thread 11348] [13.0] [cxt 0] Bytes parsed: 14
[17:54:19.691] [bmv2] [D] [thread 11348] [13.0] [cxt 0] Parser 'parser': end
[17:54:19.691] [bmv2] [D] [thread 11348] [13.0] [cxt 0] Pipeline 'ingress': start
[17:54:19.691] [bmv2] [T] [thread 11348] [13.0] [cxt 0] Applying table 'MyIngress.mat'
[17:54:19.691] [bmv2] [D] [thread 11348] [13.0] [cxt 0] Looking up key:
* hdr.ethernet.dstAddr: 00000a000004

[17:54:19.691] [bmv2] [D] [thread 11348] [13.0] [cxt 0] Table 'MyIngress.mat': hit with handle 3
[17:54:19.691] [bmv2] [D] [thread 11348] [13.0] [cxt 0] Dumping entry 3
Match key:
* hdr.ethernet.dstAddr: EXACT     00000a000004
Action entry: MyIngress.modify_egress_spec - 4,

[17:54:19.691] [bmv2] [D] [thread 11348] [13.0] [cxt 0] Action entry is MyIngress.modify_egress_spec - 4,
[17:54:19.691] [bmv2] [T] [thread 11348] [13.0] [cxt 0] Action MyIngress.modify_egress_spec
[17:54:19.691] [bmv2] [T] [thread 11348] [13.0] [cxt 0] p4src/l2_basic_forwarding.p4(68) Primitive standard_metadata.egress_spec = port
[17:54:19.691] [bmv2] [D] [thread 11348] [13.0] [cxt 0] Pipeline 'ingress': end
[17:54:19.691] [bmv2] [D] [thread 11348] [13.0] [cxt 0] Egress port is 4
[17:54:19.691] [bmv2] [D] [thread 11349] [13.0] [cxt 0] Pipeline 'egress': start
[17:54:19.691] [bmv2] [D] [thread 11349] [13.0] [cxt 0] Pipeline 'egress': end
[17:54:19.691] [bmv2] [D] [thread 11349] [13.0] [cxt 0] Deparser 'deparser': start
[17:54:19.691] [bmv2] [D] [thread 11349] [13.0] [cxt 0] Deparsing header 'ethernet'
[17:54:19.691] [bmv2] [D] [thread 11349] [13.0] [cxt 0] Deparser 'deparser': end
[17:54:19.691] [bmv2] [D] [thread 11353] [13.0] [cxt 0] Transmitting packet of size 98 out of port 4
[17:54:19.691] [bmv2] [D] [thread 11348] [14.0] [cxt 0] Processing packet received on port 4
[17:54:19.691] [bmv2] [D] [thread 11348] [14.0] [cxt 0] Parser 'parser': start
[17:54:19.692] [bmv2] [D] [thread 11348] [14.0] [cxt 0] Parser 'parser' entering state 'start'
[17:54:19.692] [bmv2] [D] [thread 11348] [14.0] [cxt 0] Extracting header 'ethernet'
[17:54:19.692] [bmv2] [D] [thread 11348] [14.0] [cxt 0] Parser state 'start' has no switch, going to default next state
[17:54:19.692] [bmv2] [T] [thread 11348] [14.0] [cxt 0] Bytes parsed: 14
[17:54:19.692] [bmv2] [D] [thread 11348] [14.0] [cxt 0] Parser 'parser': end
[17:54:19.692] [bmv2] [D] [thread 11348] [14.0] [cxt 0] Pipeline 'ingress': start
[17:54:19.692] [bmv2] [T] [thread 11348] [14.0] [cxt 0] Applying table 'MyIngress.mat'
[17:54:19.692] [bmv2] [D] [thread 11348] [14.0] [cxt 0] Looking up key:
* hdr.ethernet.dstAddr: 00000a000001

[17:54:19.692] [bmv2] [D] [thread 11348] [14.0] [cxt 0] Table 'MyIngress.mat': hit with handle 0
[17:54:19.692] [bmv2] [D] [thread 11348] [14.0] [cxt 0] Dumping entry 0
Match key:
* hdr.ethernet.dstAddr: EXACT     00000a000001
Action entry: MyIngress.modify_egress_spec - 1,

[17:54:19.692] [bmv2] [D] [thread 11348] [14.0] [cxt 0] Action entry is MyIngress.modify_egress_spec - 1,
[17:54:19.692] [bmv2] [T] [thread 11348] [14.0] [cxt 0] Action MyIngress.modify_egress_spec
[17:54:19.692] [bmv2] [T] [thread 11348] [14.0] [cxt 0] p4src/l2_basic_forwarding.p4(68) Primitive standard_metadata.egress_spec = port
[17:54:19.692] [bmv2] [D] [thread 11348] [14.0] [cxt 0] Pipeline 'ingress': end
[17:54:19.692] [bmv2] [D] [thread 11348] [14.0] [cxt 0] Egress port is 1
[17:54:19.692] [bmv2] [D] [thread 11350] [14.0] [cxt 0] Pipeline 'egress': start
[17:54:19.692] [bmv2] [D] [thread 11350] [14.0] [cxt 0] Pipeline 'egress': end
[17:54:19.692] [bmv2] [D] [thread 11350] [14.0] [cxt 0] Deparser 'deparser': start
[17:54:19.692] [bmv2] [D] [thread 11350] [14.0] [cxt 0] Deparsing header 'ethernet'
[17:54:19.692] [bmv2] [D] [thread 11350] [14.0] [cxt 0] Deparser 'deparser': end
[17:54:19.692] [bmv2] [D] [thread 11353] [14.0] [cxt 0] Transmitting packet of size 98 out of port 1
[17:54:19.693] [bmv2] [D] [thread 11348] [15.0] [cxt 0] Processing packet received on port 2
[17:54:19.693] [bmv2] [D] [thread 11348] [15.0] [cxt 0] Parser 'parser': start
[17:54:19.693] [bmv2] [D] [thread 11348] [15.0] [cxt 0] Parser 'parser' entering state 'start'
[17:54:19.693] [bmv2] [D] [thread 11348] [15.0] [cxt 0] Extracting header 'ethernet'
[17:54:19.693] [bmv2] [D] [thread 11348] [15.0] [cxt 0] Parser state 'start' has no switch, going to default next state
[17:54:19.693] [bmv2] [T] [thread 11348] [15.0] [cxt 0] Bytes parsed: 14
[17:54:19.693] [bmv2] [D] [thread 11348] [15.0] [cxt 0] Parser 'parser': end
[17:54:19.693] [bmv2] [D] [thread 11348] [15.0] [cxt 0] Pipeline 'ingress': start
[17:54:19.693] [bmv2] [T] [thread 11348] [15.0] [cxt 0] Applying table 'MyIngress.mat'
[17:54:19.693] [bmv2] [D] [thread 11348] [15.0] [cxt 0] Looking up key:
* hdr.ethernet.dstAddr: 00000a000001

[17:54:19.693] [bmv2] [D] [thread 11348] [15.0] [cxt 0] Table 'MyIngress.mat': hit with handle 0
[17:54:19.693] [bmv2] [D] [thread 11348] [15.0] [cxt 0] Dumping entry 0
Match key:
* hdr.ethernet.dstAddr: EXACT     00000a000001
Action entry: MyIngress.modify_egress_spec - 1,

[17:54:19.693] [bmv2] [D] [thread 11348] [15.0] [cxt 0] Action entry is MyIngress.modify_egress_spec - 1,
[17:54:19.693] [bmv2] [T] [thread 11348] [15.0] [cxt 0] Action MyIngress.modify_egress_spec
[17:54:19.693] [bmv2] [T] [thread 11348] [15.0] [cxt 0] p4src/l2_basic_forwarding.p4(68) Primitive standard_metadata.egress_spec = port
[17:54:19.693] [bmv2] [D] [thread 11348] [15.0] [cxt 0] Pipeline 'ingress': end
[17:54:19.693] [bmv2] [D] [thread 11348] [15.0] [cxt 0] Egress port is 1
[17:54:19.693] [bmv2] [D] [thread 11350] [15.0] [cxt 0] Pipeline 'egress': start
[17:54:19.693] [bmv2] [D] [thread 11350] [15.0] [cxt 0] Pipeline 'egress': end
[17:54:19.693] [bmv2] [D] [thread 11350] [15.0] [cxt 0] Deparser 'deparser': start
[17:54:19.693] [bmv2] [D] [thread 11350] [15.0] [cxt 0] Deparsing header 'ethernet'
[17:54:19.693] [bmv2] [D] [thread 11350] [15.0] [cxt 0] Deparser 'deparser': end
[17:54:19.694] [bmv2] [D] [thread 11353] [15.0] [cxt 0] Transmitting packet of size 98 out of port 1
[17:54:19.694] [bmv2] [D] [thread 11348] [16.0] [cxt 0] Processing packet received on port 1
[17:54:19.694] [bmv2] [D] [thread 11348] [16.0] [cxt 0] Parser 'parser': start
[17:54:19.694] [bmv2] [D] [thread 11348] [16.0] [cxt 0] Parser 'parser' entering state 'start'
[17:54:19.694] [bmv2] [D] [thread 11348] [16.0] [cxt 0] Extracting header 'ethernet'
[17:54:19.694] [bmv2] [D] [thread 11348] [16.0] [cxt 0] Parser state 'start' has no switch, going to default next state
[17:54:19.694] [bmv2] [T] [thread 11348] [16.0] [cxt 0] Bytes parsed: 14
[17:54:19.694] [bmv2] [D] [thread 11348] [16.0] [cxt 0] Parser 'parser': end
[17:54:19.694] [bmv2] [D] [thread 11348] [16.0] [cxt 0] Pipeline 'ingress': start
[17:54:19.694] [bmv2] [T] [thread 11348] [16.0] [cxt 0] Applying table 'MyIngress.mat'
[17:54:19.694] [bmv2] [D] [thread 11348] [16.0] [cxt 0] Looking up key:
* hdr.ethernet.dstAddr: 00000a000002

[17:54:19.694] [bmv2] [D] [thread 11348] [16.0] [cxt 0] Table 'MyIngress.mat': hit with handle 1
[17:54:19.694] [bmv2] [D] [thread 11348] [16.0] [cxt 0] Dumping entry 1
Match key:
* hdr.ethernet.dstAddr: EXACT     00000a000002
Action entry: MyIngress.modify_egress_spec - 2,

[17:54:19.694] [bmv2] [D] [thread 11348] [16.0] [cxt 0] Action entry is MyIngress.modify_egress_spec - 2,
[17:54:19.694] [bmv2] [T] [thread 11348] [16.0] [cxt 0] Action MyIngress.modify_egress_spec
[17:54:19.694] [bmv2] [T] [thread 11348] [16.0] [cxt 0] p4src/l2_basic_forwarding.p4(68) Primitive standard_metadata.egress_spec = port
[17:54:19.694] [bmv2] [D] [thread 11348] [16.0] [cxt 0] Pipeline 'ingress': end
[17:54:19.694] [bmv2] [D] [thread 11348] [16.0] [cxt 0] Egress port is 2
[17:54:19.694] [bmv2] [D] [thread 11351] [16.0] [cxt 0] Pipeline 'egress': start
[17:54:19.694] [bmv2] [D] [thread 11351] [16.0] [cxt 0] Pipeline 'egress': end
[17:54:19.694] [bmv2] [D] [thread 11351] [16.0] [cxt 0] Deparser 'deparser': start
[17:54:19.694] [bmv2] [D] [thread 11351] [16.0] [cxt 0] Deparsing header 'ethernet'
[17:54:19.694] [bmv2] [D] [thread 11351] [16.0] [cxt 0] Deparser 'deparser': end
[17:54:19.694] [bmv2] [D] [thread 11353] [16.0] [cxt 0] Transmitting packet of size 98 out of port 2
[17:54:19.695] [bmv2] [D] [thread 11348] [17.0] [cxt 0] Processing packet received on port 2
[17:54:19.695] [bmv2] [D] [thread 11348] [17.0] [cxt 0] Parser 'parser': start
[17:54:19.695] [bmv2] [D] [thread 11348] [17.0] [cxt 0] Parser 'parser' entering state 'start'
[17:54:19.695] [bmv2] [D] [thread 11348] [17.0] [cxt 0] Extracting header 'ethernet'
[17:54:19.695] [bmv2] [D] [thread 11348] [17.0] [cxt 0] Parser state 'start' has no switch, going to default next state
[17:54:19.695] [bmv2] [T] [thread 11348] [17.0] [cxt 0] Bytes parsed: 14
[17:54:19.695] [bmv2] [D] [thread 11348] [17.0] [cxt 0] Parser 'parser': end
[17:54:19.695] [bmv2] [D] [thread 11348] [17.0] [cxt 0] Pipeline 'ingress': start
[17:54:19.695] [bmv2] [T] [thread 11348] [17.0] [cxt 0] Applying table 'MyIngress.mat'
[17:54:19.695] [bmv2] [D] [thread 11348] [17.0] [cxt 0] Looking up key:
* hdr.ethernet.dstAddr: 00000a000003

[17:54:19.695] [bmv2] [D] [thread 11348] [17.0] [cxt 0] Table 'MyIngress.mat': hit with handle 2
[17:54:19.695] [bmv2] [D] [thread 11348] [17.0] [cxt 0] Dumping entry 2
Match key:
* hdr.ethernet.dstAddr: EXACT     00000a000003
Action entry: MyIngress.modify_egress_spec - 3,

[17:54:19.696] [bmv2] [D] [thread 11348] [17.0] [cxt 0] Action entry is MyIngress.modify_egress_spec - 3,
[17:54:19.696] [bmv2] [T] [thread 11348] [17.0] [cxt 0] Action MyIngress.modify_egress_spec
[17:54:19.696] [bmv2] [T] [thread 11348] [17.0] [cxt 0] p4src/l2_basic_forwarding.p4(68) Primitive standard_metadata.egress_spec = port
[17:54:19.696] [bmv2] [D] [thread 11348] [17.0] [cxt 0] Pipeline 'ingress': end
[17:54:19.696] [bmv2] [D] [thread 11348] [17.0] [cxt 0] Egress port is 3
[17:54:19.696] [bmv2] [D] [thread 11352] [17.0] [cxt 0] Pipeline 'egress': start
[17:54:19.696] [bmv2] [D] [thread 11352] [17.0] [cxt 0] Pipeline 'egress': end
[17:54:19.696] [bmv2] [D] [thread 11352] [17.0] [cxt 0] Deparser 'deparser': start
[17:54:19.696] [bmv2] [D] [thread 11352] [17.0] [cxt 0] Deparsing header 'ethernet'
[17:54:19.696] [bmv2] [D] [thread 11352] [17.0] [cxt 0] Deparser 'deparser': end
[17:54:19.696] [bmv2] [D] [thread 11353] [17.0] [cxt 0] Transmitting packet of size 98 out of port 3
[17:54:19.696] [bmv2] [D] [thread 11348] [18.0] [cxt 0] Processing packet received on port 3
[17:54:19.696] [bmv2] [D] [thread 11348] [18.0] [cxt 0] Parser 'parser': start
[17:54:19.696] [bmv2] [D] [thread 11348] [18.0] [cxt 0] Parser 'parser' entering state 'start'
[17:54:19.696] [bmv2] [D] [thread 11348] [18.0] [cxt 0] Extracting header 'ethernet'
[17:54:19.696] [bmv2] [D] [thread 11348] [18.0] [cxt 0] Parser state 'start' has no switch, going to default next state
[17:54:19.696] [bmv2] [T] [thread 11348] [18.0] [cxt 0] Bytes parsed: 14
[17:54:19.696] [bmv2] [D] [thread 11348] [18.0] [cxt 0] Parser 'parser': end
[17:54:19.696] [bmv2] [D] [thread 11348] [18.0] [cxt 0] Pipeline 'ingress': start
[17:54:19.696] [bmv2] [T] [thread 11348] [18.0] [cxt 0] Applying table 'MyIngress.mat'
[17:54:19.696] [bmv2] [D] [thread 11348] [18.0] [cxt 0] Looking up key:
* hdr.ethernet.dstAddr: 00000a000002

[17:54:19.696] [bmv2] [D] [thread 11348] [18.0] [cxt 0] Table 'MyIngress.mat': hit with handle 1
[17:54:19.696] [bmv2] [D] [thread 11348] [18.0] [cxt 0] Dumping entry 1
Match key:
* hdr.ethernet.dstAddr: EXACT     00000a000002
Action entry: MyIngress.modify_egress_spec - 2,

[17:54:19.696] [bmv2] [D] [thread 11348] [18.0] [cxt 0] Action entry is MyIngress.modify_egress_spec - 2,
[17:54:19.696] [bmv2] [T] [thread 11348] [18.0] [cxt 0] Action MyIngress.modify_egress_spec
[17:54:19.696] [bmv2] [T] [thread 11348] [18.0] [cxt 0] p4src/l2_basic_forwarding.p4(68) Primitive standard_metadata.egress_spec = port
[17:54:19.696] [bmv2] [D] [thread 11348] [18.0] [cxt 0] Pipeline 'ingress': end
[17:54:19.696] [bmv2] [D] [thread 11348] [18.0] [cxt 0] Egress port is 2
[17:54:19.696] [bmv2] [D] [thread 11351] [18.0] [cxt 0] Pipeline 'egress': start
[17:54:19.696] [bmv2] [D] [thread 11351] [18.0] [cxt 0] Pipeline 'egress': end
[17:54:19.696] [bmv2] [D] [thread 11351] [18.0] [cxt 0] Deparser 'deparser': start
[17:54:19.696] [bmv2] [D] [thread 11351] [18.0] [cxt 0] Deparsing header 'ethernet'
[17:54:19.696] [bmv2] [D] [thread 11351] [18.0] [cxt 0] Deparser 'deparser': end
[17:54:19.696] [bmv2] [D] [thread 11353] [18.0] [cxt 0] Transmitting packet of size 98 out of port 2
[17:54:19.697] [bmv2] [D] [thread 11348] [19.0] [cxt 0] Processing packet received on port 2
[17:54:19.697] [bmv2] [D] [thread 11348] [19.0] [cxt 0] Parser 'parser': start
[17:54:19.697] [bmv2] [D] [thread 11348] [19.0] [cxt 0] Parser 'parser' entering state 'start'
[17:54:19.697] [bmv2] [D] [thread 11348] [19.0] [cxt 0] Extracting header 'ethernet'
[17:54:19.697] [bmv2] [D] [thread 11348] [19.0] [cxt 0] Parser state 'start' has no switch, going to default next state
[17:54:19.698] [bmv2] [T] [thread 11348] [19.0] [cxt 0] Bytes parsed: 14
[17:54:19.698] [bmv2] [D] [thread 11348] [19.0] [cxt 0] Parser 'parser': end
[17:54:19.698] [bmv2] [D] [thread 11348] [19.0] [cxt 0] Pipeline 'ingress': start
[17:54:19.698] [bmv2] [T] [thread 11348] [19.0] [cxt 0] Applying table 'MyIngress.mat'
[17:54:19.698] [bmv2] [D] [thread 11348] [19.0] [cxt 0] Looking up key:
* hdr.ethernet.dstAddr: 00000a000004

[17:54:19.698] [bmv2] [D] [thread 11348] [19.0] [cxt 0] Table 'MyIngress.mat': hit with handle 3
[17:54:19.698] [bmv2] [D] [thread 11348] [19.0] [cxt 0] Dumping entry 3
Match key:
* hdr.ethernet.dstAddr: EXACT     00000a000004
Action entry: MyIngress.modify_egress_spec - 4,

[17:54:19.698] [bmv2] [D] [thread 11348] [19.0] [cxt 0] Action entry is MyIngress.modify_egress_spec - 4,
[17:54:19.698] [bmv2] [T] [thread 11348] [19.0] [cxt 0] Action MyIngress.modify_egress_spec
[17:54:19.698] [bmv2] [T] [thread 11348] [19.0] [cxt 0] p4src/l2_basic_forwarding.p4(68) Primitive standard_metadata.egress_spec = port
[17:54:19.698] [bmv2] [D] [thread 11348] [19.0] [cxt 0] Pipeline 'ingress': end
[17:54:19.698] [bmv2] [D] [thread 11348] [19.0] [cxt 0] Egress port is 4
[17:54:19.698] [bmv2] [D] [thread 11349] [19.0] [cxt 0] Pipeline 'egress': start
[17:54:19.698] [bmv2] [D] [thread 11349] [19.0] [cxt 0] Pipeline 'egress': end
[17:54:19.698] [bmv2] [D] [thread 11349] [19.0] [cxt 0] Deparser 'deparser': start
[17:54:19.698] [bmv2] [D] [thread 11349] [19.0] [cxt 0] Deparsing header 'ethernet'
[17:54:19.698] [bmv2] [D] [thread 11349] [19.0] [cxt 0] Deparser 'deparser': end
[17:54:19.698] [bmv2] [D] [thread 11353] [19.0] [cxt 0] Transmitting packet of size 98 out of port 4
[17:54:19.698] [bmv2] [D] [thread 11348] [20.0] [cxt 0] Processing packet received on port 4
[17:54:19.698] [bmv2] [D] [thread 11348] [20.0] [cxt 0] Parser 'parser': start
[17:54:19.698] [bmv2] [D] [thread 11348] [20.0] [cxt 0] Parser 'parser' entering state 'start'
[17:54:19.698] [bmv2] [D] [thread 11348] [20.0] [cxt 0] Extracting header 'ethernet'
[17:54:19.698] [bmv2] [D] [thread 11348] [20.0] [cxt 0] Parser state 'start' has no switch, going to default next state
[17:54:19.698] [bmv2] [T] [thread 11348] [20.0] [cxt 0] Bytes parsed: 14
[17:54:19.698] [bmv2] [D] [thread 11348] [20.0] [cxt 0] Parser 'parser': end
[17:54:19.698] [bmv2] [D] [thread 11348] [20.0] [cxt 0] Pipeline 'ingress': start
[17:54:19.698] [bmv2] [T] [thread 11348] [20.0] [cxt 0] Applying table 'MyIngress.mat'
[17:54:19.698] [bmv2] [D] [thread 11348] [20.0] [cxt 0] Looking up key:
* hdr.ethernet.dstAddr: 00000a000002

[17:54:19.698] [bmv2] [D] [thread 11348] [20.0] [cxt 0] Table 'MyIngress.mat': hit with handle 1
[17:54:19.698] [bmv2] [D] [thread 11348] [20.0] [cxt 0] Dumping entry 1
Match key:
* hdr.ethernet.dstAddr: EXACT     00000a000002
Action entry: MyIngress.modify_egress_spec - 2,

[17:54:19.698] [bmv2] [D] [thread 11348] [20.0] [cxt 0] Action entry is MyIngress.modify_egress_spec - 2,
[17:54:19.698] [bmv2] [T] [thread 11348] [20.0] [cxt 0] Action MyIngress.modify_egress_spec
[17:54:19.698] [bmv2] [T] [thread 11348] [20.0] [cxt 0] p4src/l2_basic_forwarding.p4(68) Primitive standard_metadata.egress_spec = port
[17:54:19.698] [bmv2] [D] [thread 11348] [20.0] [cxt 0] Pipeline 'ingress': end
[17:54:19.698] [bmv2] [D] [thread 11348] [20.0] [cxt 0] Egress port is 2
[17:54:19.698] [bmv2] [D] [thread 11351] [20.0] [cxt 0] Pipeline 'egress': start
[17:54:19.698] [bmv2] [D] [thread 11351] [20.0] [cxt 0] Pipeline 'egress': end
[17:54:19.698] [bmv2] [D] [thread 11351] [20.0] [cxt 0] Deparser 'deparser': start
[17:54:19.698] [bmv2] [D] [thread 11351] [20.0] [cxt 0] Deparsing header 'ethernet'
[17:54:19.698] [bmv2] [D] [thread 11351] [20.0] [cxt 0] Deparser 'deparser': end
[17:54:19.698] [bmv2] [D] [thread 11353] [20.0] [cxt 0] Transmitting packet of size 98 out of port 2
[17:54:19.700] [bmv2] [D] [thread 11348] [21.0] [cxt 0] Processing packet received on port 3
[17:54:19.700] [bmv2] [D] [thread 11348] [21.0] [cxt 0] Parser 'parser': start
[17:54:19.700] [bmv2] [D] [thread 11348] [21.0] [cxt 0] Parser 'parser' entering state 'start'
[17:54:19.700] [bmv2] [D] [thread 11348] [21.0] [cxt 0] Extracting header 'ethernet'
[17:54:19.700] [bmv2] [D] [thread 11348] [21.0] [cxt 0] Parser state 'start' has no switch, going to default next state
[17:54:19.700] [bmv2] [T] [thread 11348] [21.0] [cxt 0] Bytes parsed: 14
[17:54:19.700] [bmv2] [D] [thread 11348] [21.0] [cxt 0] Parser 'parser': end
[17:54:19.700] [bmv2] [D] [thread 11348] [21.0] [cxt 0] Pipeline 'ingress': start
[17:54:19.700] [bmv2] [T] [thread 11348] [21.0] [cxt 0] Applying table 'MyIngress.mat'
[17:54:19.700] [bmv2] [D] [thread 11348] [21.0] [cxt 0] Looking up key:
* hdr.ethernet.dstAddr: 00000a000001

[17:54:19.700] [bmv2] [D] [thread 11348] [21.0] [cxt 0] Table 'MyIngress.mat': hit with handle 0
[17:54:19.700] [bmv2] [D] [thread 11348] [21.0] [cxt 0] Dumping entry 0
Match key:
* hdr.ethernet.dstAddr: EXACT     00000a000001
Action entry: MyIngress.modify_egress_spec - 1,

[17:54:19.700] [bmv2] [D] [thread 11348] [21.0] [cxt 0] Action entry is MyIngress.modify_egress_spec - 1,
[17:54:19.700] [bmv2] [T] [thread 11348] [21.0] [cxt 0] Action MyIngress.modify_egress_spec
[17:54:19.700] [bmv2] [T] [thread 11348] [21.0] [cxt 0] p4src/l2_basic_forwarding.p4(68) Primitive standard_metadata.egress_spec = port
[17:54:19.700] [bmv2] [D] [thread 11348] [21.0] [cxt 0] Pipeline 'ingress': end
[17:54:19.700] [bmv2] [D] [thread 11348] [21.0] [cxt 0] Egress port is 1
[17:54:19.700] [bmv2] [D] [thread 11350] [21.0] [cxt 0] Pipeline 'egress': start
[17:54:19.700] [bmv2] [D] [thread 11350] [21.0] [cxt 0] Pipeline 'egress': end
[17:54:19.700] [bmv2] [D] [thread 11350] [21.0] [cxt 0] Deparser 'deparser': start
[17:54:19.700] [bmv2] [D] [thread 11350] [21.0] [cxt 0] Deparsing header 'ethernet'
[17:54:19.700] [bmv2] [D] [thread 11350] [21.0] [cxt 0] Deparser 'deparser': end
[17:54:19.700] [bmv2] [D] [thread 11353] [21.0] [cxt 0] Transmitting packet of size 98 out of port 1
[17:54:19.700] [bmv2] [D] [thread 11348] [22.0] [cxt 0] Processing packet received on port 1
[17:54:19.700] [bmv2] [D] [thread 11348] [22.0] [cxt 0] Parser 'parser': start
[17:54:19.700] [bmv2] [D] [thread 11348] [22.0] [cxt 0] Parser 'parser' entering state 'start'
[17:54:19.700] [bmv2] [D] [thread 11348] [22.0] [cxt 0] Extracting header 'ethernet'
[17:54:19.700] [bmv2] [D] [thread 11348] [22.0] [cxt 0] Parser state 'start' has no switch, going to default next state
[17:54:19.700] [bmv2] [T] [thread 11348] [22.0] [cxt 0] Bytes parsed: 14
[17:54:19.700] [bmv2] [D] [thread 11348] [22.0] [cxt 0] Parser 'parser': end
[17:54:19.700] [bmv2] [D] [thread 11348] [22.0] [cxt 0] Pipeline 'ingress': start
[17:54:19.700] [bmv2] [T] [thread 11348] [22.0] [cxt 0] Applying table 'MyIngress.mat'
[17:54:19.700] [bmv2] [D] [thread 11348] [22.0] [cxt 0] Looking up key:
* hdr.ethernet.dstAddr: 00000a000003

[17:54:19.700] [bmv2] [D] [thread 11348] [22.0] [cxt 0] Table 'MyIngress.mat': hit with handle 2
[17:54:19.700] [bmv2] [D] [thread 11348] [22.0] [cxt 0] Dumping entry 2
Match key:
* hdr.ethernet.dstAddr: EXACT     00000a000003
Action entry: MyIngress.modify_egress_spec - 3,

[17:54:19.700] [bmv2] [D] [thread 11348] [22.0] [cxt 0] Action entry is MyIngress.modify_egress_spec - 3,
[17:54:19.700] [bmv2] [T] [thread 11348] [22.0] [cxt 0] Action MyIngress.modify_egress_spec
[17:54:19.700] [bmv2] [T] [thread 11348] [22.0] [cxt 0] p4src/l2_basic_forwarding.p4(68) Primitive standard_metadata.egress_spec = port
[17:54:19.700] [bmv2] [D] [thread 11348] [22.0] [cxt 0] Pipeline 'ingress': end
[17:54:19.700] [bmv2] [D] [thread 11348] [22.0] [cxt 0] Egress port is 3
[17:54:19.700] [bmv2] [D] [thread 11352] [22.0] [cxt 0] Pipeline 'egress': start
[17:54:19.700] [bmv2] [D] [thread 11352] [22.0] [cxt 0] Pipeline 'egress': end
[17:54:19.700] [bmv2] [D] [thread 11352] [22.0] [cxt 0] Deparser 'deparser': start
[17:54:19.700] [bmv2] [D] [thread 11352] [22.0] [cxt 0] Deparsing header 'ethernet'
[17:54:19.700] [bmv2] [D] [thread 11352] [22.0] [cxt 0] Deparser 'deparser': end
[17:54:19.700] [bmv2] [D] [thread 11353] [22.0] [cxt 0] Transmitting packet of size 98 out of port 3
[17:54:19.702] [bmv2] [D] [thread 11348] [23.0] [cxt 0] Processing packet received on port 3
[17:54:19.702] [bmv2] [D] [thread 11348] [23.0] [cxt 0] Parser 'parser': start
[17:54:19.702] [bmv2] [D] [thread 11348] [23.0] [cxt 0] Parser 'parser' entering state 'start'
[17:54:19.702] [bmv2] [D] [thread 11348] [23.0] [cxt 0] Extracting header 'ethernet'
[17:54:19.702] [bmv2] [D] [thread 11348] [23.0] [cxt 0] Parser state 'start' has no switch, going to default next state
[17:54:19.702] [bmv2] [T] [thread 11348] [23.0] [cxt 0] Bytes parsed: 14
[17:54:19.702] [bmv2] [D] [thread 11348] [23.0] [cxt 0] Parser 'parser': end
[17:54:19.702] [bmv2] [D] [thread 11348] [23.0] [cxt 0] Pipeline 'ingress': start
[17:54:19.702] [bmv2] [T] [thread 11348] [23.0] [cxt 0] Applying table 'MyIngress.mat'
[17:54:19.702] [bmv2] [D] [thread 11348] [23.0] [cxt 0] Looking up key:
* hdr.ethernet.dstAddr: 00000a000002

[17:54:19.702] [bmv2] [D] [thread 11348] [23.0] [cxt 0] Table 'MyIngress.mat': hit with handle 1
[17:54:19.702] [bmv2] [D] [thread 11348] [23.0] [cxt 0] Dumping entry 1
Match key:
* hdr.ethernet.dstAddr: EXACT     00000a000002
Action entry: MyIngress.modify_egress_spec - 2,

[17:54:19.702] [bmv2] [D] [thread 11348] [23.0] [cxt 0] Action entry is MyIngress.modify_egress_spec - 2,
[17:54:19.702] [bmv2] [T] [thread 11348] [23.0] [cxt 0] Action MyIngress.modify_egress_spec
[17:54:19.702] [bmv2] [T] [thread 11348] [23.0] [cxt 0] p4src/l2_basic_forwarding.p4(68) Primitive standard_metadata.egress_spec = port
[17:54:19.702] [bmv2] [D] [thread 11348] [23.0] [cxt 0] Pipeline 'ingress': end
[17:54:19.702] [bmv2] [D] [thread 11348] [23.0] [cxt 0] Egress port is 2
[17:54:19.702] [bmv2] [D] [thread 11351] [23.0] [cxt 0] Pipeline 'egress': start
[17:54:19.702] [bmv2] [D] [thread 11351] [23.0] [cxt 0] Pipeline 'egress': end
[17:54:19.702] [bmv2] [D] [thread 11351] [23.0] [cxt 0] Deparser 'deparser': start
[17:54:19.702] [bmv2] [D] [thread 11351] [23.0] [cxt 0] Deparsing header 'ethernet'
[17:54:19.702] [bmv2] [D] [thread 11351] [23.0] [cxt 0] Deparser 'deparser': end
[17:54:19.702] [bmv2] [D] [thread 11353] [23.0] [cxt 0] Transmitting packet of size 98 out of port 2
[17:54:19.702] [bmv2] [D] [thread 11348] [24.0] [cxt 0] Processing packet received on port 2
[17:54:19.702] [bmv2] [D] [thread 11348] [24.0] [cxt 0] Parser 'parser': start
[17:54:19.702] [bmv2] [D] [thread 11348] [24.0] [cxt 0] Parser 'parser' entering state 'start'
[17:54:19.702] [bmv2] [D] [thread 11348] [24.0] [cxt 0] Extracting header 'ethernet'
[17:54:19.702] [bmv2] [D] [thread 11348] [24.0] [cxt 0] Parser state 'start' has no switch, going to default next state
[17:54:19.702] [bmv2] [T] [thread 11348] [24.0] [cxt 0] Bytes parsed: 14
[17:54:19.702] [bmv2] [D] [thread 11348] [24.0] [cxt 0] Parser 'parser': end
[17:54:19.702] [bmv2] [D] [thread 11348] [24.0] [cxt 0] Pipeline 'ingress': start
[17:54:19.702] [bmv2] [T] [thread 11348] [24.0] [cxt 0] Applying table 'MyIngress.mat'
[17:54:19.702] [bmv2] [D] [thread 11348] [24.0] [cxt 0] Looking up key:
* hdr.ethernet.dstAddr: 00000a000003

[17:54:19.702] [bmv2] [D] [thread 11348] [24.0] [cxt 0] Table 'MyIngress.mat': hit with handle 2
[17:54:19.702] [bmv2] [D] [thread 11348] [24.0] [cxt 0] Dumping entry 2
Match key:
* hdr.ethernet.dstAddr: EXACT     00000a000003
Action entry: MyIngress.modify_egress_spec - 3,

[17:54:19.702] [bmv2] [D] [thread 11348] [24.0] [cxt 0] Action entry is MyIngress.modify_egress_spec - 3,
[17:54:19.702] [bmv2] [T] [thread 11348] [24.0] [cxt 0] Action MyIngress.modify_egress_spec
[17:54:19.702] [bmv2] [T] [thread 11348] [24.0] [cxt 0] p4src/l2_basic_forwarding.p4(68) Primitive standard_metadata.egress_spec = port
[17:54:19.702] [bmv2] [D] [thread 11348] [24.0] [cxt 0] Pipeline 'ingress': end
[17:54:19.702] [bmv2] [D] [thread 11348] [24.0] [cxt 0] Egress port is 3
[17:54:19.702] [bmv2] [D] [thread 11352] [24.0] [cxt 0] Pipeline 'egress': start
[17:54:19.702] [bmv2] [D] [thread 11352] [24.0] [cxt 0] Pipeline 'egress': end
[17:54:19.702] [bmv2] [D] [thread 11352] [24.0] [cxt 0] Deparser 'deparser': start
[17:54:19.702] [bmv2] [D] [thread 11352] [24.0] [cxt 0] Deparsing header 'ethernet'
[17:54:19.702] [bmv2] [D] [thread 11352] [24.0] [cxt 0] Deparser 'deparser': end
[17:54:19.702] [bmv2] [D] [thread 11353] [24.0] [cxt 0] Transmitting packet of size 98 out of port 3
[17:54:19.704] [bmv2] [D] [thread 11348] [25.0] [cxt 0] Processing packet received on port 3
[17:54:19.704] [bmv2] [D] [thread 11348] [25.0] [cxt 0] Parser 'parser': start
[17:54:19.704] [bmv2] [D] [thread 11348] [25.0] [cxt 0] Parser 'parser' entering state 'start'
[17:54:19.704] [bmv2] [D] [thread 11348] [25.0] [cxt 0] Extracting header 'ethernet'
[17:54:19.704] [bmv2] [D] [thread 11348] [25.0] [cxt 0] Parser state 'start' has no switch, going to default next state
[17:54:19.704] [bmv2] [T] [thread 11348] [25.0] [cxt 0] Bytes parsed: 14
[17:54:19.704] [bmv2] [D] [thread 11348] [25.0] [cxt 0] Parser 'parser': end
[17:54:19.704] [bmv2] [D] [thread 11348] [25.0] [cxt 0] Pipeline 'ingress': start
[17:54:19.704] [bmv2] [T] [thread 11348] [25.0] [cxt 0] Applying table 'MyIngress.mat'
[17:54:19.704] [bmv2] [D] [thread 11348] [25.0] [cxt 0] Looking up key:
* hdr.ethernet.dstAddr: 00000a000004

[17:54:19.704] [bmv2] [D] [thread 11348] [25.0] [cxt 0] Table 'MyIngress.mat': hit with handle 3
[17:54:19.704] [bmv2] [D] [thread 11348] [25.0] [cxt 0] Dumping entry 3
Match key:
* hdr.ethernet.dstAddr: EXACT     00000a000004
Action entry: MyIngress.modify_egress_spec - 4,

[17:54:19.704] [bmv2] [D] [thread 11348] [25.0] [cxt 0] Action entry is MyIngress.modify_egress_spec - 4,
[17:54:19.704] [bmv2] [T] [thread 11348] [25.0] [cxt 0] Action MyIngress.modify_egress_spec
[17:54:19.704] [bmv2] [T] [thread 11348] [25.0] [cxt 0] p4src/l2_basic_forwarding.p4(68) Primitive standard_metadata.egress_spec = port
[17:54:19.704] [bmv2] [D] [thread 11348] [25.0] [cxt 0] Pipeline 'ingress': end
[17:54:19.704] [bmv2] [D] [thread 11348] [25.0] [cxt 0] Egress port is 4
[17:54:19.704] [bmv2] [D] [thread 11349] [25.0] [cxt 0] Pipeline 'egress': start
[17:54:19.704] [bmv2] [D] [thread 11349] [25.0] [cxt 0] Pipeline 'egress': end
[17:54:19.704] [bmv2] [D] [thread 11349] [25.0] [cxt 0] Deparser 'deparser': start
[17:54:19.704] [bmv2] [D] [thread 11349] [25.0] [cxt 0] Deparsing header 'ethernet'
[17:54:19.704] [bmv2] [D] [thread 11349] [25.0] [cxt 0] Deparser 'deparser': end
[17:54:19.704] [bmv2] [D] [thread 11353] [25.0] [cxt 0] Transmitting packet of size 98 out of port 4
[17:54:19.704] [bmv2] [D] [thread 11348] [26.0] [cxt 0] Processing packet received on port 4
[17:54:19.704] [bmv2] [D] [thread 11348] [26.0] [cxt 0] Parser 'parser': start
[17:54:19.704] [bmv2] [D] [thread 11348] [26.0] [cxt 0] Parser 'parser' entering state 'start'
[17:54:19.704] [bmv2] [D] [thread 11348] [26.0] [cxt 0] Extracting header 'ethernet'
[17:54:19.704] [bmv2] [D] [thread 11348] [26.0] [cxt 0] Parser state 'start' has no switch, going to default next state
[17:54:19.704] [bmv2] [T] [thread 11348] [26.0] [cxt 0] Bytes parsed: 14
[17:54:19.704] [bmv2] [D] [thread 11348] [26.0] [cxt 0] Parser 'parser': end
[17:54:19.704] [bmv2] [D] [thread 11348] [26.0] [cxt 0] Pipeline 'ingress': start
[17:54:19.704] [bmv2] [T] [thread 11348] [26.0] [cxt 0] Applying table 'MyIngress.mat'
[17:54:19.704] [bmv2] [D] [thread 11348] [26.0] [cxt 0] Looking up key:
* hdr.ethernet.dstAddr: 00000a000003

[17:54:19.704] [bmv2] [D] [thread 11348] [26.0] [cxt 0] Table 'MyIngress.mat': hit with handle 2
[17:54:19.704] [bmv2] [D] [thread 11348] [26.0] [cxt 0] Dumping entry 2
Match key:
* hdr.ethernet.dstAddr: EXACT     00000a000003
Action entry: MyIngress.modify_egress_spec - 3,

[17:54:19.704] [bmv2] [D] [thread 11348] [26.0] [cxt 0] Action entry is MyIngress.modify_egress_spec - 3,
[17:54:19.704] [bmv2] [T] [thread 11348] [26.0] [cxt 0] Action MyIngress.modify_egress_spec
[17:54:19.705] [bmv2] [T] [thread 11348] [26.0] [cxt 0] p4src/l2_basic_forwarding.p4(68) Primitive standard_metadata.egress_spec = port
[17:54:19.705] [bmv2] [D] [thread 11348] [26.0] [cxt 0] Pipeline 'ingress': end
[17:54:19.705] [bmv2] [D] [thread 11348] [26.0] [cxt 0] Egress port is 3
[17:54:19.705] [bmv2] [D] [thread 11352] [26.0] [cxt 0] Pipeline 'egress': start
[17:54:19.705] [bmv2] [D] [thread 11352] [26.0] [cxt 0] Pipeline 'egress': end
[17:54:19.705] [bmv2] [D] [thread 11352] [26.0] [cxt 0] Deparser 'deparser': start
[17:54:19.705] [bmv2] [D] [thread 11352] [26.0] [cxt 0] Deparsing header 'ethernet'
[17:54:19.705] [bmv2] [D] [thread 11352] [26.0] [cxt 0] Deparser 'deparser': end
[17:54:19.705] [bmv2] [D] [thread 11353] [26.0] [cxt 0] Transmitting packet of size 98 out of port 3
[17:54:19.706] [bmv2] [D] [thread 11348] [27.0] [cxt 0] Processing packet received on port 4
[17:54:19.706] [bmv2] [D] [thread 11348] [27.0] [cxt 0] Parser 'parser': start
[17:54:19.706] [bmv2] [D] [thread 11348] [27.0] [cxt 0] Parser 'parser' entering state 'start'
[17:54:19.706] [bmv2] [D] [thread 11348] [27.0] [cxt 0] Extracting header 'ethernet'
[17:54:19.706] [bmv2] [D] [thread 11348] [27.0] [cxt 0] Parser state 'start' has no switch, going to default next state
[17:54:19.706] [bmv2] [T] [thread 11348] [27.0] [cxt 0] Bytes parsed: 14
[17:54:19.706] [bmv2] [D] [thread 11348] [27.0] [cxt 0] Parser 'parser': end
[17:54:19.706] [bmv2] [D] [thread 11348] [27.0] [cxt 0] Pipeline 'ingress': start
[17:54:19.706] [bmv2] [T] [thread 11348] [27.0] [cxt 0] Applying table 'MyIngress.mat'
[17:54:19.706] [bmv2] [D] [thread 11348] [27.0] [cxt 0] Looking up key:
* hdr.ethernet.dstAddr: 00000a000001

[17:54:19.706] [bmv2] [D] [thread 11348] [27.0] [cxt 0] Table 'MyIngress.mat': hit with handle 0
[17:54:19.706] [bmv2] [D] [thread 11348] [27.0] [cxt 0] Dumping entry 0
Match key:
* hdr.ethernet.dstAddr: EXACT     00000a000001
Action entry: MyIngress.modify_egress_spec - 1,

[17:54:19.706] [bmv2] [D] [thread 11348] [27.0] [cxt 0] Action entry is MyIngress.modify_egress_spec - 1,
[17:54:19.706] [bmv2] [T] [thread 11348] [27.0] [cxt 0] Action MyIngress.modify_egress_spec
[17:54:19.706] [bmv2] [T] [thread 11348] [27.0] [cxt 0] p4src/l2_basic_forwarding.p4(68) Primitive standard_metadata.egress_spec = port
[17:54:19.706] [bmv2] [D] [thread 11348] [27.0] [cxt 0] Pipeline 'ingress': end
[17:54:19.706] [bmv2] [D] [thread 11348] [27.0] [cxt 0] Egress port is 1
[17:54:19.706] [bmv2] [D] [thread 11350] [27.0] [cxt 0] Pipeline 'egress': start
[17:54:19.706] [bmv2] [D] [thread 11350] [27.0] [cxt 0] Pipeline 'egress': end
[17:54:19.706] [bmv2] [D] [thread 11350] [27.0] [cxt 0] Deparser 'deparser': start
[17:54:19.706] [bmv2] [D] [thread 11350] [27.0] [cxt 0] Deparsing header 'ethernet'
[17:54:19.706] [bmv2] [D] [thread 11350] [27.0] [cxt 0] Deparser 'deparser': end
[17:54:19.707] [bmv2] [D] [thread 11353] [27.0] [cxt 0] Transmitting packet of size 98 out of port 1
[17:54:19.707] [bmv2] [D] [thread 11348] [28.0] [cxt 0] Processing packet received on port 1
[17:54:19.707] [bmv2] [D] [thread 11348] [28.0] [cxt 0] Parser 'parser': start
[17:54:19.707] [bmv2] [D] [thread 11348] [28.0] [cxt 0] Parser 'parser' entering state 'start'
[17:54:19.707] [bmv2] [D] [thread 11348] [28.0] [cxt 0] Extracting header 'ethernet'
[17:54:19.707] [bmv2] [D] [thread 11348] [28.0] [cxt 0] Parser state 'start' has no switch, going to default next state
[17:54:19.707] [bmv2] [T] [thread 11348] [28.0] [cxt 0] Bytes parsed: 14
[17:54:19.707] [bmv2] [D] [thread 11348] [28.0] [cxt 0] Parser 'parser': end
[17:54:19.707] [bmv2] [D] [thread 11348] [28.0] [cxt 0] Pipeline 'ingress': start
[17:54:19.707] [bmv2] [T] [thread 11348] [28.0] [cxt 0] Applying table 'MyIngress.mat'
[17:54:19.707] [bmv2] [D] [thread 11348] [28.0] [cxt 0] Looking up key:
* hdr.ethernet.dstAddr: 00000a000004

[17:54:19.707] [bmv2] [D] [thread 11348] [28.0] [cxt 0] Table 'MyIngress.mat': hit with handle 3
[17:54:19.707] [bmv2] [D] [thread 11348] [28.0] [cxt 0] Dumping entry 3
Match key:
* hdr.ethernet.dstAddr: EXACT     00000a000004
Action entry: MyIngress.modify_egress_spec - 4,

[17:54:19.707] [bmv2] [D] [thread 11348] [28.0] [cxt 0] Action entry is MyIngress.modify_egress_spec - 4,
[17:54:19.707] [bmv2] [T] [thread 11348] [28.0] [cxt 0] Action MyIngress.modify_egress_spec
[17:54:19.707] [bmv2] [T] [thread 11348] [28.0] [cxt 0] p4src/l2_basic_forwarding.p4(68) Primitive standard_metadata.egress_spec = port
[17:54:19.707] [bmv2] [D] [thread 11348] [28.0] [cxt 0] Pipeline 'ingress': end
[17:54:19.707] [bmv2] [D] [thread 11348] [28.0] [cxt 0] Egress port is 4
[17:54:19.707] [bmv2] [D] [thread 11349] [28.0] [cxt 0] Pipeline 'egress': start
[17:54:19.707] [bmv2] [D] [thread 11349] [28.0] [cxt 0] Pipeline 'egress': end
[17:54:19.707] [bmv2] [D] [thread 11349] [28.0] [cxt 0] Deparser 'deparser': start
[17:54:19.707] [bmv2] [D] [thread 11349] [28.0] [cxt 0] Deparsing header 'ethernet'
[17:54:19.707] [bmv2] [D] [thread 11349] [28.0] [cxt 0] Deparser 'deparser': end
[17:54:19.707] [bmv2] [D] [thread 11353] [28.0] [cxt 0] Transmitting packet of size 98 out of port 4
[17:54:19.708] [bmv2] [D] [thread 11348] [29.0] [cxt 0] Processing packet received on port 4
[17:54:19.708] [bmv2] [D] [thread 11348] [29.0] [cxt 0] Parser 'parser': start
[17:54:19.708] [bmv2] [D] [thread 11348] [29.0] [cxt 0] Parser 'parser' entering state 'start'
[17:54:19.708] [bmv2] [D] [thread 11348] [29.0] [cxt 0] Extracting header 'ethernet'
[17:54:19.708] [bmv2] [D] [thread 11348] [29.0] [cxt 0] Parser state 'start' has no switch, going to default next state
[17:54:19.708] [bmv2] [T] [thread 11348] [29.0] [cxt 0] Bytes parsed: 14
[17:54:19.708] [bmv2] [D] [thread 11348] [29.0] [cxt 0] Parser 'parser': end
[17:54:19.708] [bmv2] [D] [thread 11348] [29.0] [cxt 0] Pipeline 'ingress': start
[17:54:19.708] [bmv2] [T] [thread 11348] [29.0] [cxt 0] Applying table 'MyIngress.mat'
[17:54:19.708] [bmv2] [D] [thread 11348] [29.0] [cxt 0] Looking up key:
* hdr.ethernet.dstAddr: 00000a000002

[17:54:19.708] [bmv2] [D] [thread 11348] [29.0] [cxt 0] Table 'MyIngress.mat': hit with handle 1
[17:54:19.708] [bmv2] [D] [thread 11348] [29.0] [cxt 0] Dumping entry 1
Match key:
* hdr.ethernet.dstAddr: EXACT     00000a000002
Action entry: MyIngress.modify_egress_spec - 2,

[17:54:19.708] [bmv2] [D] [thread 11348] [29.0] [cxt 0] Action entry is MyIngress.modify_egress_spec - 2,
[17:54:19.708] [bmv2] [T] [thread 11348] [29.0] [cxt 0] Action MyIngress.modify_egress_spec
[17:54:19.708] [bmv2] [T] [thread 11348] [29.0] [cxt 0] p4src/l2_basic_forwarding.p4(68) Primitive standard_metadata.egress_spec = port
[17:54:19.708] [bmv2] [D] [thread 11348] [29.0] [cxt 0] Pipeline 'ingress': end
[17:54:19.708] [bmv2] [D] [thread 11348] [29.0] [cxt 0] Egress port is 2
[17:54:19.708] [bmv2] [D] [thread 11351] [29.0] [cxt 0] Pipeline 'egress': start
[17:54:19.708] [bmv2] [D] [thread 11351] [29.0] [cxt 0] Pipeline 'egress': end
[17:54:19.708] [bmv2] [D] [thread 11351] [29.0] [cxt 0] Deparser 'deparser': start
[17:54:19.708] [bmv2] [D] [thread 11351] [29.0] [cxt 0] Deparsing header 'ethernet'
[17:54:19.708] [bmv2] [D] [thread 11351] [29.0] [cxt 0] Deparser 'deparser': end
[17:54:19.708] [bmv2] [D] [thread 11353] [29.0] [cxt 0] Transmitting packet of size 98 out of port 2
[17:54:19.708] [bmv2] [D] [thread 11348] [30.0] [cxt 0] Processing packet received on port 2
[17:54:19.709] [bmv2] [D] [thread 11348] [30.0] [cxt 0] Parser 'parser': start
[17:54:19.709] [bmv2] [D] [thread 11348] [30.0] [cxt 0] Parser 'parser' entering state 'start'
[17:54:19.709] [bmv2] [D] [thread 11348] [30.0] [cxt 0] Extracting header 'ethernet'
[17:54:19.709] [bmv2] [D] [thread 11348] [30.0] [cxt 0] Parser state 'start' has no switch, going to default next state
[17:54:19.709] [bmv2] [T] [thread 11348] [30.0] [cxt 0] Bytes parsed: 14
[17:54:19.709] [bmv2] [D] [thread 11348] [30.0] [cxt 0] Parser 'parser': end
[17:54:19.709] [bmv2] [D] [thread 11348] [30.0] [cxt 0] Pipeline 'ingress': start
[17:54:19.709] [bmv2] [T] [thread 11348] [30.0] [cxt 0] Applying table 'MyIngress.mat'
[17:54:19.709] [bmv2] [D] [thread 11348] [30.0] [cxt 0] Looking up key:
* hdr.ethernet.dstAddr: 00000a000004

[17:54:19.709] [bmv2] [D] [thread 11348] [30.0] [cxt 0] Table 'MyIngress.mat': hit with handle 3
[17:54:19.709] [bmv2] [D] [thread 11348] [30.0] [cxt 0] Dumping entry 3
Match key:
* hdr.ethernet.dstAddr: EXACT     00000a000004
Action entry: MyIngress.modify_egress_spec - 4,

[17:54:19.709] [bmv2] [D] [thread 11348] [30.0] [cxt 0] Action entry is MyIngress.modify_egress_spec - 4,
[17:54:19.709] [bmv2] [T] [thread 11348] [30.0] [cxt 0] Action MyIngress.modify_egress_spec
[17:54:19.709] [bmv2] [T] [thread 11348] [30.0] [cxt 0] p4src/l2_basic_forwarding.p4(68) Primitive standard_metadata.egress_spec = port
[17:54:19.709] [bmv2] [D] [thread 11348] [30.0] [cxt 0] Pipeline 'ingress': end
[17:54:19.709] [bmv2] [D] [thread 11348] [30.0] [cxt 0] Egress port is 4
[17:54:19.709] [bmv2] [D] [thread 11349] [30.0] [cxt 0] Pipeline 'egress': start
[17:54:19.709] [bmv2] [D] [thread 11349] [30.0] [cxt 0] Pipeline 'egress': end
[17:54:19.709] [bmv2] [D] [thread 11349] [30.0] [cxt 0] Deparser 'deparser': start
[17:54:19.709] [bmv2] [D] [thread 11349] [30.0] [cxt 0] Deparsing header 'ethernet'
[17:54:19.709] [bmv2] [D] [thread 11349] [30.0] [cxt 0] Deparser 'deparser': end
[17:54:19.709] [bmv2] [D] [thread 11353] [30.0] [cxt 0] Transmitting packet of size 98 out of port 4
[17:54:19.710] [bmv2] [D] [thread 11348] [31.0] [cxt 0] Processing packet received on port 4
[17:54:19.710] [bmv2] [D] [thread 11348] [31.0] [cxt 0] Parser 'parser': start
[17:54:19.710] [bmv2] [D] [thread 11348] [31.0] [cxt 0] Parser 'parser' entering state 'start'
[17:54:19.710] [bmv2] [D] [thread 11348] [31.0] [cxt 0] Extracting header 'ethernet'
[17:54:19.710] [bmv2] [D] [thread 11348] [31.0] [cxt 0] Parser state 'start' has no switch, going to default next state
[17:54:19.710] [bmv2] [T] [thread 11348] [31.0] [cxt 0] Bytes parsed: 14
[17:54:19.710] [bmv2] [D] [thread 11348] [31.0] [cxt 0] Parser 'parser': end
[17:54:19.710] [bmv2] [D] [thread 11348] [31.0] [cxt 0] Pipeline 'ingress': start
[17:54:19.710] [bmv2] [T] [thread 11348] [31.0] [cxt 0] Applying table 'MyIngress.mat'
[17:54:19.710] [bmv2] [D] [thread 11348] [31.0] [cxt 0] Looking up key:
* hdr.ethernet.dstAddr: 00000a000003

[17:54:19.710] [bmv2] [D] [thread 11348] [31.0] [cxt 0] Table 'MyIngress.mat': hit with handle 2
[17:54:19.710] [bmv2] [D] [thread 11348] [31.0] [cxt 0] Dumping entry 2
Match key:
* hdr.ethernet.dstAddr: EXACT     00000a000003
Action entry: MyIngress.modify_egress_spec - 3,

[17:54:19.710] [bmv2] [D] [thread 11348] [31.0] [cxt 0] Action entry is MyIngress.modify_egress_spec - 3,
[17:54:19.710] [bmv2] [T] [thread 11348] [31.0] [cxt 0] Action MyIngress.modify_egress_spec
[17:54:19.710] [bmv2] [T] [thread 11348] [31.0] [cxt 0] p4src/l2_basic_forwarding.p4(68) Primitive standard_metadata.egress_spec = port
[17:54:19.710] [bmv2] [D] [thread 11348] [31.0] [cxt 0] Pipeline 'ingress': end
[17:54:19.710] [bmv2] [D] [thread 11348] [31.0] [cxt 0] Egress port is 3
[17:54:19.710] [bmv2] [D] [thread 11352] [31.0] [cxt 0] Pipeline 'egress': start
[17:54:19.710] [bmv2] [D] [thread 11352] [31.0] [cxt 0] Pipeline 'egress': end
[17:54:19.710] [bmv2] [D] [thread 11352] [31.0] [cxt 0] Deparser 'deparser': start
[17:54:19.710] [bmv2] [D] [thread 11352] [31.0] [cxt 0] Deparsing header 'ethernet'
[17:54:19.710] [bmv2] [D] [thread 11352] [31.0] [cxt 0] Deparser 'deparser': end
[17:54:19.710] [bmv2] [D] [thread 11353] [31.0] [cxt 0] Transmitting packet of size 98 out of port 3
[17:54:19.710] [bmv2] [D] [thread 11348] [32.0] [cxt 0] Processing packet received on port 3
[17:54:19.710] [bmv2] [D] [thread 11348] [32.0] [cxt 0] Parser 'parser': start
[17:54:19.710] [bmv2] [D] [thread 11348] [32.0] [cxt 0] Parser 'parser' entering state 'start'
[17:54:19.710] [bmv2] [D] [thread 11348] [32.0] [cxt 0] Extracting header 'ethernet'
[17:54:19.710] [bmv2] [D] [thread 11348] [32.0] [cxt 0] Parser state 'start' has no switch, going to default next state
[17:54:19.710] [bmv2] [T] [thread 11348] [32.0] [cxt 0] Bytes parsed: 14
[17:54:19.710] [bmv2] [D] [thread 11348] [32.0] [cxt 0] Parser 'parser': end
[17:54:19.710] [bmv2] [D] [thread 11348] [32.0] [cxt 0] Pipeline 'ingress': start
[17:54:19.710] [bmv2] [T] [thread 11348] [32.0] [cxt 0] Applying table 'MyIngress.mat'
[17:54:19.710] [bmv2] [D] [thread 11348] [32.0] [cxt 0] Looking up key:
* hdr.ethernet.dstAddr: 00000a000004

[17:54:19.710] [bmv2] [D] [thread 11348] [32.0] [cxt 0] Table 'MyIngress.mat': hit with handle 3
[17:54:19.710] [bmv2] [D] [thread 11348] [32.0] [cxt 0] Dumping entry 3
Match key:
* hdr.ethernet.dstAddr: EXACT     00000a000004
Action entry: MyIngress.modify_egress_spec - 4,

[17:54:19.710] [bmv2] [D] [thread 11348] [32.0] [cxt 0] Action entry is MyIngress.modify_egress_spec - 4,
[17:54:19.710] [bmv2] [T] [thread 11348] [32.0] [cxt 0] Action MyIngress.modify_egress_spec
[17:54:19.710] [bmv2] [T] [thread 11348] [32.0] [cxt 0] p4src/l2_basic_forwarding.p4(68) Primitive standard_metadata.egress_spec = port
[17:54:19.710] [bmv2] [D] [thread 11348] [32.0] [cxt 0] Pipeline 'ingress': end
[17:54:19.710] [bmv2] [D] [thread 11348] [32.0] [cxt 0] Egress port is 4
[17:54:19.710] [bmv2] [D] [thread 11349] [32.0] [cxt 0] Pipeline 'egress': start
[17:54:19.710] [bmv2] [D] [thread 11349] [32.0] [cxt 0] Pipeline 'egress': end
[17:54:19.710] [bmv2] [D] [thread 11349] [32.0] [cxt 0] Deparser 'deparser': start
[17:54:19.710] [bmv2] [D] [thread 11349] [32.0] [cxt 0] Deparsing header 'ethernet'
[17:54:19.710] [bmv2] [D] [thread 11349] [32.0] [cxt 0] Deparser 'deparser': end
[17:54:19.710] [bmv2] [D] [thread 11353] [32.0] [cxt 0] Transmitting packet of size 98 out of port 4
open: No such file or directory
open: No such file or directory
open: No such file or directory
